#
# There is insufficient memory for the Java Runtime Environment to continue.
# Native memory allocation (malloc) failed to allocate 1222160 bytes for Chunk::new
# Possible reasons:
#   The system is out of physical RAM or swap space
#   In 32 bit mode, the process size limit was hit
# Possible solutions:
#   Reduce memory load on the system
#   Increase physical memory or swap space
#   Check if swap backing store is full
#   Use 64 bit Java on a 64 bit OS
#   Decrease Java heap size (-Xmx/-Xms)
#   Decrease number of Java threads
#   Decrease Java thread stack sizes (-Xss)
#   Set larger code cache with -XX:ReservedCodeCacheSize=
# This output file may be truncated or incomplete.
#
#  Out of Memory Error (allocation.cpp:390), pid=3248, tid=0x0000000000001c60
#
# JRE version: OpenJDK Runtime Environment (8.0_152-b06) (build 1.8.0_152-release-1136-b06)
# Java VM: OpenJDK 64-Bit Server VM (25.152-b06 mixed mode windows-amd64 compressed oops)
# Failed to write core dump. Minidumps are not enabled by default on client versions of Windows
#

---------------  T H R E A D  ---------------

Current thread (0x000000001839b800):  JavaThread "C2 CompilerThread1" daemon [_thread_in_native, id=7264, stack(0x0000000018a90000,0x0000000018b90000)]

Stack: [0x0000000018a90000,0x0000000018b90000]
[error occurred during error reporting (printing stack bounds), id 0xc0000005]

Native frames: (J=compiled Java code, j=interpreted, Vv=VM code, C=native code)


Current CompileTask:
C2: 408571 25162   !   4       java.util.Formatter::format (271 bytes)


---------------  P R O C E S S  ---------------

Java Threads: ( => current thread )
  0x000000001c267800 JavaThread "stdout" daemon [_thread_in_native, id=9368, stack(0x0000000027b00000,0x0000000027c00000)]
  0x000000001c26a800 JavaThread "stderr" daemon [_thread_in_native, id=2988, stack(0x0000000026a30000,0x0000000026b30000)]
  0x000000001c268800 JavaThread "stdout" daemon [_thread_in_native, id=14216, stack(0x0000000026930000,0x0000000026a30000)]
  0x000000001c265800 JavaThread "stderr" daemon [_thread_in_native, id=9744, stack(0x0000000026630000,0x0000000026730000)]
  0x000000001c261800 JavaThread "stdout" daemon [_thread_in_native, id=5868, stack(0x0000000026330000,0x0000000026430000)]
  0x000000001c264000 JavaThread "stderr" daemon [_thread_in_native, id=1416, stack(0x0000000026230000,0x0000000026330000)]
  0x000000001c261000 JavaThread "pool-67-thread-1" [_thread_blocked, id=12368, stack(0x0000000026130000,0x0000000026230000)]
  0x000000001c266000 JavaThread "ForkJoinPool.commonPool-worker-0" daemon [_thread_blocked, id=3864, stack(0x0000000024e30000,0x0000000024f30000)]
  0x000000001c25c800 JavaThread "ForkJoinPool.commonPool-worker-3" daemon [_thread_blocked, id=10512, stack(0x0000000024d30000,0x0000000024e30000)]
  0x000000001c25f800 JavaThread "ForkJoinPool.commonPool-worker-2" daemon [_thread_blocked, id=9104, stack(0x0000000024190000,0x0000000024290000)]
  0x000000001c263000 JavaThread "Task worker for ':' Thread 3" [_thread_in_native, id=12944, stack(0x0000000024090000,0x0000000024190000)]
  0x000000001c262800 JavaThread "Task worker for ':' Thread 2" [_thread_blocked, id=2680, stack(0x0000000023f90000,0x0000000024090000)]
  0x000000001c25e000 JavaThread "Task worker for ':'" [_thread_blocked, id=14972, stack(0x0000000023a90000,0x0000000023b90000)]
  0x000000001c260000 JavaThread "Cache worker for Build Output Cleanup Cache (E:\AndroidStudio\237zhj\ex1_2\.gradle\buildOutputCleanup)" [_thread_blocked, id=15124, stack(0x0000000023990000,0x0000000023a90000)]
  0x000000001c25b800 JavaThread "Cache worker for task history cache (E:\AndroidStudio\237zhj\ex1_2\.gradle\4.6\taskHistory)" [_thread_blocked, id=9912, stack(0x0000000023890000,0x0000000023990000)]
  0x000000001c25e800 JavaThread "Cache worker for file content cache (E:\AndroidStudio\237zhj\ex1_2\.gradle\4.6\fileContent)" [_thread_blocked, id=6388, stack(0x0000000023790000,0x0000000023890000)]
  0x000000001c8e2000 JavaThread "Build operations Thread 4" [_thread_blocked, id=5352, stack(0x0000000023690000,0x0000000023790000)]
  0x000000001c8df800 JavaThread "Build operations Thread 3" [_thread_blocked, id=12128, stack(0x0000000021a50000,0x0000000021b50000)]
  0x000000001c8d9000 JavaThread "Build operations Thread 2" [_thread_blocked, id=14128, stack(0x0000000021950000,0x0000000021a50000)]
  0x000000001c8de000 JavaThread "Build operations" [_thread_blocked, id=10120, stack(0x000000001f010000,0x000000001f110000)]
  0x000000001c8df000 JavaThread "Cache worker for Artifact transforms cache (C:\Users\shand\.gradle\caches\transforms-1)" [_thread_blocked, id=10624, stack(0x000000001d740000,0x000000001d840000)]
  0x000000001c8dd800 JavaThread "Cache worker for file hash cache (E:\AndroidStudio\237zhj\ex1_2\.gradle\4.6\fileHashes)" [_thread_in_native, id=13924, stack(0x000000001b0a0000,0x000000001b1a0000)]
  0x000000001c8d8000 JavaThread "Stdin handler" [_thread_blocked, id=1540, stack(0x000000001afa0000,0x000000001b0a0000)]
  0x000000001c8d5000 JavaThread "Asynchronous log dispatcher for DefaultDaemonConnection: socket connection from /127.0.0.1:61869 to /127.0.0.1:62478" [_thread_blocked, id=4716, stack(0x000000001aca0000,0x000000001ada0000)]
  0x000000001c8d6800 JavaThread "Cancel handler" [_thread_blocked, id=2728, stack(0x0000000001700000,0x0000000001800000)]
  0x000000001c8d5800 JavaThread "Handler for socket connection from /127.0.0.1:61869 to /127.0.0.1:62478" [_thread_in_native, id=14328, stack(0x0000000001600000,0x0000000001700000)]
  0x000000001c8da800 JavaThread "Daemon worker Thread 2" [_thread_blocked, id=15192, stack(0x000000001aba0000,0x000000001aca0000)]
  0x000000001c8d7000 JavaThread "Daemon Thread 2" [_thread_blocked, id=3912, stack(0x0000000001500000,0x0000000001600000)]
  0x000000001c8db000 JavaThread "MarlinRenderer Disposer" daemon [_thread_blocked, id=13276, stack(0x0000000024730000,0x0000000024830000)]
  0x000000001c8dc800 JavaThread "Java2D Disposer" daemon [_thread_blocked, id=13372, stack(0x0000000024590000,0x0000000024690000)]
  0x000000001cfc8800 JavaThread "pool-1-thread-1" [_thread_blocked, id=4224, stack(0x00000000230d0000,0x00000000231d0000)]
  0x000000001cfc9800 JavaThread "Memory manager" [_thread_blocked, id=14456, stack(0x0000000021f50000,0x0000000022050000)]
  0x000000001a2de800 JavaThread "File lock request listener" [_thread_in_native, id=12108, stack(0x000000001c670000,0x000000001c770000)]
  0x0000000019fed800 JavaThread "Cache worker for file hash cache (C:\Users\shand\.gradle\caches\4.6\fileHashes)" [_thread_blocked, id=3688, stack(0x000000001c570000,0x000000001c670000)]
  0x0000000019d82800 JavaThread "Daemon periodic checks" [_thread_blocked, id=14536, stack(0x000000001aaa0000,0x000000001aba0000)]
  0x000000001a0b9000 JavaThread "Incoming local TCP Connector on port 61869" [_thread_in_native, id=11180, stack(0x000000001a860000,0x000000001a960000)]
  0x0000000018421000 JavaThread "Service Thread" daemon [_thread_blocked, id=12656, stack(0x0000000018c90000,0x0000000018d90000)]
  0x00000000183a0800 JavaThread "C1 CompilerThread2" daemon [_thread_blocked, id=4328, stack(0x0000000018b90000,0x0000000018c90000)]
=>0x000000001839b800 JavaThread "C2 CompilerThread1" daemon [_thread_in_native, id=7264, stack(0x0000000018a90000,0x0000000018b90000)]
  0x0000000016f8a800 JavaThread "C2 CompilerThread0" daemon [_thread_blocked, id=11328, stack(0x0000000018990000,0x0000000018a90000)]
  0x0000000016f3c000 JavaThread "Attach Listener" daemon [_thread_blocked, id=15348, stack(0x0000000018890000,0x0000000018990000)]
  0x0000000018398800 JavaThread "Signal Dispatcher" daemon [_thread_blocked, id=12804, stack(0x0000000018790000,0x0000000018890000)]
  0x0000000016f18800 JavaThread "Finalizer" daemon [_thread_blocked, id=15052, stack(0x0000000018190000,0x0000000018290000)]
  0x0000000016ef7000 JavaThread "Reference Handler" daemon [_thread_blocked, id=14272, stack(0x0000000018090000,0x0000000018190000)]
  0x00000000030ce000 JavaThread "main" [_thread_blocked, id=12452, stack(0x0000000002fa0000,0x00000000030a0000)]

Other Threads:
  0x0000000016ef5800 VMThread [stack: 0x0000000017f90000,0x0000000018090000] [id=6076]
  0x0000000018421800 WatcherThread [stack: 0x0000000018d90000,0x0000000018e90000] [id=1272]

VM state:not at safepoint (normal execution)

VM Mutex/Monitor currently owned by a thread: None

Heap:
 PSYoungGen      total 484352K, used 377607K [0x00000000e0000000, 0x0000000100000000, 0x0000000100000000)
  eden space 450560K, 83% used [0x00000000e0000000,0x00000000f70c1e00,0x00000000fb800000)
  from space 33792K, 0% used [0x00000000fb800000,0x00000000fb800000,0x00000000fd900000)
  to   space 33280K, 0% used [0x00000000fdf80000,0x00000000fdf80000,0x0000000100000000)
 ParOldGen       total 214016K, used 60213K [0x00000000a0000000, 0x00000000ad100000, 0x00000000e0000000)
  object space 214016K, 28% used [0x00000000a0000000,0x00000000a3acd700,0x00000000ad100000)
 Metaspace       used 93571K, capacity 99710K, committed 99840K, reserved 1136640K
  class space    used 11787K, capacity 13005K, committed 13056K, reserved 1048576K

Card table byte_map: [0x0000000012980000,0x0000000012c90000] byte_map_base: 0x0000000012480000

Marking Bits: (ParMarkBitMap*) 0x00000000555c5aa0
 Begin Bits: [0x0000000013290000, 0x0000000014a90000)
 End Bits:   [0x0000000014a90000, 0x0000000016290000)

Polling page: 0x00000000013f0000

CodeCache: size=245760Kb used=67025Kb max_used=67025Kb free=178734Kb
 bounds [0x00000000035c0000, 0x00000000077b0000, 0x00000000125c0000]
 total_blobs=20111 nmethods=19137 adapters=884
 compilation: enabled

Compilation events (10 events):
Event: 408.225 Thread 0x0000000016f8a800 25170       4       java.util.Hashtable$Enumerator::hasMoreElements (53 bytes)
Event: 408.228 Thread 0x0000000016f8a800 nmethod 25170 0x0000000004cec750 code [0x0000000004cec880, 0x0000000004cec9f8]
Event: 408.228 Thread 0x0000000016f8a800 25171       4       java.util.Hashtable$Enumerator::nextElement (111 bytes)
Event: 408.229 Thread 0x0000000016f8a800 nmethod 25171 0x0000000006fdf590 code [0x0000000006fdf6c0, 0x0000000006fdf798]
Event: 408.230 Thread 0x00000000183a0800 25172       3       com.android.ide.common.resources.ResourceMergerItem::addExtraAttributes (16 bytes)
Event: 408.231 Thread 0x00000000183a0800 nmethod 25172 0x00000000042d0dd0 code [0x00000000042d0f40, 0x00000000042d1188]
Event: 408.244 Thread 0x00000000183a0800 25173       3       java.util.concurrent.ThreadPoolExecutor::<init> (143 bytes)
Event: 408.246 Thread 0x00000000183a0800 nmethod 25173 0x0000000004cef110 code [0x0000000004cef380, 0x0000000004cf0628]
Event: 408.246 Thread 0x00000000183a0800 25174       3       java.util.concurrent.ForkJoinPool::runWorker (77 bytes)
Event: 408.246 Thread 0x00000000183a0800 nmethod 25174 0x00000000042d05d0 code [0x00000000042d0780, 0x00000000042d0c58]

GC Heap History (10 events):
Event: 322.199 GC heap before
{Heap before GC invocations=35 (full 3):
 PSYoungGen      total 430080K, used 405889K [0x00000000e0000000, 0x00000000fee80000, 0x0000000100000000)
  eden space 391680K, 100% used [0x00000000e0000000,0x00000000f7e80000,0x00000000f7e80000)
  from space 38400K, 37% used [0x00000000f7e80000,0x00000000f8c604a0,0x00000000fa400000)
  to   space 36864K, 0% used [0x00000000fca80000,0x00000000fca80000,0x00000000fee80000)
 ParOldGen       total 154624K, used 84157K [0x00000000a0000000, 0x00000000a9700000, 0x00000000e0000000)
  object space 154624K, 54% used [0x00000000a0000000,0x00000000a522f588,0x00000000a9700000)
 Metaspace       used 92270K, capacity 97630K, committed 97792K, reserved 1134592K
  class space    used 11670K, capacity 12741K, committed 12800K, reserved 1048576K
Event: 322.211 GC heap after
Heap after GC invocations=35 (full 3):
 PSYoungGen      total 456192K, used 8352K [0x00000000e0000000, 0x00000000fe780000, 0x0000000100000000)
  eden space 426496K, 0% used [0x00000000e0000000,0x00000000e0000000,0x00000000fa080000)
  from space 29696K, 28% used [0x00000000fca80000,0x00000000fd2a8118,0x00000000fe780000)
  to   space 36352K, 0% used [0x00000000fa080000,0x00000000fa080000,0x00000000fc400000)
 ParOldGen       total 154624K, used 84165K [0x00000000a0000000, 0x00000000a9700000, 0x00000000e0000000)
  object space 154624K, 54% used [0x00000000a0000000,0x00000000a5231588,0x00000000a9700000)
 Metaspace       used 92270K, capacity 97630K, committed 97792K, reserved 1134592K
  class space    used 11670K, capacity 12741K, committed 12800K, reserved 1048576K
}
Event: 325.421 GC heap before
{Heap before GC invocations=36 (full 3):
 PSYoungGen      total 456192K, used 434848K [0x00000000e0000000, 0x00000000fe780000, 0x0000000100000000)
  eden space 426496K, 100% used [0x00000000e0000000,0x00000000fa080000,0x00000000fa080000)
  from space 29696K, 28% used [0x00000000fca80000,0x00000000fd2a8118,0x00000000fe780000)
  to   space 36352K, 0% used [0x00000000fa080000,0x00000000fa080000,0x00000000fc400000)
 ParOldGen       total 154624K, used 84165K [0x00000000a0000000, 0x00000000a9700000, 0x00000000e0000000)
  object space 154624K, 54% used [0x00000000a0000000,0x00000000a5231588,0x00000000a9700000)
 Metaspace       used 92369K, capacity 97764K, committed 98048K, reserved 1134592K
  class space    used 11671K, capacity 12742K, committed 12800K, reserved 1048576K
Event: 325.444 GC heap after
Heap after GC invocations=36 (full 3):
 PSYoungGen      total 462848K, used 11795K [0x00000000e0000000, 0x0000000100000000, 0x0000000100000000)
  eden space 426496K, 0% used [0x00000000e0000000,0x00000000e0000000,0x00000000fa080000)
  from space 36352K, 32% used [0x00000000fa080000,0x00000000fac04f40,0x00000000fc400000)
  to   space 34816K, 0% used [0x00000000fde00000,0x00000000fde00000,0x0000000100000000)
 ParOldGen       total 154624K, used 84165K [0x00000000a0000000, 0x00000000a9700000, 0x00000000e0000000)
  object space 154624K, 54% used [0x00000000a0000000,0x00000000a5231588,0x00000000a9700000)
 Metaspace       used 92369K, capacity 97764K, committed 98048K, reserved 1134592K
  class space    used 11671K, capacity 12742K, committed 12800K, reserved 1048576K
}
Event: 344.991 GC heap before
{Heap before GC invocations=37 (full 3):
 PSYoungGen      total 462848K, used 438291K [0x00000000e0000000, 0x0000000100000000, 0x0000000100000000)
  eden space 426496K, 100% used [0x00000000e0000000,0x00000000fa080000,0x00000000fa080000)
  from space 36352K, 32% used [0x00000000fa080000,0x00000000fac04f40,0x00000000fc400000)
  to   space 34816K, 0% used [0x00000000fde00000,0x00000000fde00000,0x0000000100000000)
 ParOldGen       total 154624K, used 84165K [0x00000000a0000000, 0x00000000a9700000, 0x00000000e0000000)
  object space 154624K, 54% used [0x00000000a0000000,0x00000000a5231588,0x00000000a9700000)
 Metaspace       used 92483K, capacity 97924K, committed 98048K, reserved 1134592K
  class space    used 11673K, capacity 12746K, committed 12800K, reserved 1048576K
Event: 345.006 GC heap after
Heap after GC invocations=37 (full 3):
 PSYoungGen      total 479232K, used 12191K [0x00000000e0000000, 0x00000000ffa00000, 0x0000000100000000)
  eden space 450560K, 0% used [0x00000000e0000000,0x00000000e0000000,0x00000000fb800000)
  from space 28672K, 42% used [0x00000000fde00000,0x00000000fe9e7c88,0x00000000ffa00000)
  to   space 33792K, 0% used [0x00000000fb800000,0x00000000fb800000,0x00000000fd900000)
 ParOldGen       total 154624K, used 84173K [0x00000000a0000000, 0x00000000a9700000, 0x00000000e0000000)
  object space 154624K, 54% used [0x00000000a0000000,0x00000000a5233588,0x00000000a9700000)
 Metaspace       used 92483K, capacity 97924K, committed 98048K, reserved 1134592K
  class space    used 11673K, capacity 12746K, committed 12800K, reserved 1048576K
}
Event: 381.159 GC heap before
{Heap before GC invocations=38 (full 3):
 PSYoungGen      total 479232K, used 111832K [0x00000000e0000000, 0x00000000ffa00000, 0x0000000100000000)
  eden space 450560K, 22% used [0x00000000e0000000,0x00000000e614e460,0x00000000fb800000)
  from space 28672K, 42% used [0x00000000fde00000,0x00000000fe9e7c88,0x00000000ffa00000)
  to   space 33792K, 0% used [0x00000000fb800000,0x00000000fb800000,0x00000000fd900000)
 ParOldGen       total 154624K, used 84173K [0x00000000a0000000, 0x00000000a9700000, 0x00000000e0000000)
  object space 154624K, 54% used [0x00000000a0000000,0x00000000a5233588,0x00000000a9700000)
 Metaspace       used 92759K, capacity 98346K, committed 98348K, reserved 1134592K
  class space    used 11703K, capacity 12799K, committed 12800K, reserved 1048576K
Event: 381.168 GC heap after
Heap after GC invocations=38 (full 3):
 PSYoungGen      total 484352K, used 5856K [0x00000000e0000000, 0x0000000100000000, 0x0000000100000000)
  eden space 450560K, 0% used [0x00000000e0000000,0x00000000e0000000,0x00000000fb800000)
  from space 33792K, 17% used [0x00000000fb800000,0x00000000fbdb8020,0x00000000fd900000)
  to   space 33280K, 0% used [0x00000000fdf80000,0x00000000fdf80000,0x0000000100000000)
 ParOldGen       total 154624K, used 84181K [0x00000000a0000000, 0x00000000a9700000, 0x00000000e0000000)
  object space 154624K, 54% used [0x00000000a0000000,0x00000000a5235588,0x00000000a9700000)
 Metaspace       used 92759K, capacity 98346K, committed 98348K, reserved 1134592K
  class space    used 11703K, capacity 12799K, committed 12800K, reserved 1048576K
}
Event: 381.168 GC heap before
{Heap before GC invocations=39 (full 4):
 PSYoungGen      total 484352K, used 5856K [0x00000000e0000000, 0x0000000100000000, 0x0000000100000000)
  eden space 450560K, 0% used [0x00000000e0000000,0x00000000e0000000,0x00000000fb800000)
  from space 33792K, 17% used [0x00000000fb800000,0x00000000fbdb8020,0x00000000fd900000)
  to   space 33280K, 0% used [0x00000000fdf80000,0x00000000fdf80000,0x0000000100000000)
 ParOldGen       total 154624K, used 84181K [0x00000000a0000000, 0x00000000a9700000, 0x00000000e0000000)
  object space 154624K, 54% used [0x00000000a0000000,0x00000000a5235588,0x00000000a9700000)
 Metaspace       used 92759K, capacity 98346K, committed 98348K, reserved 1134592K
  class space    used 11703K, capacity 12799K, committed 12800K, reserved 1048576K
Event: 381.438 GC heap after
Heap after GC invocations=39 (full 4):
 PSYoungGen      total 484352K, used 0K [0x00000000e0000000, 0x0000000100000000, 0x0000000100000000)
  eden space 450560K, 0% used [0x00000000e0000000,0x00000000e0000000,0x00000000fb800000)
  from space 33792K, 0% used [0x00000000fb800000,0x00000000fb800000,0x00000000fd900000)
  to   space 33280K, 0% used [0x00000000fdf80000,0x00000000fdf80000,0x0000000100000000)
 ParOldGen       total 214016K, used 60213K [0x00000000a0000000, 0x00000000ad100000, 0x00000000e0000000)
  object space 214016K, 28% used [0x00000000a0000000,0x00000000a3acd700,0x00000000ad100000)
 Metaspace       used 92402K, capacity 97342K, committed 98348K, reserved 1134592K
  class space    used 11582K, capacity 12591K, committed 12800K, reserved 1048576K
}

Deoptimization events (10 events):
Event: 390.396 Thread 0x000000001c8d7000 Uncommon trap: reason=array_check action=maybe_recompile pc=0x0000000007609acc method=java.util.ComparableTimSort.reverseRange([Ljava/lang/Object;II)V @ 20
Event: 390.398 Thread 0x000000001c8d7000 Uncommon trap: reason=class_check action=maybe_recompile pc=0x0000000004c00988 method=java.io.ObjectOutputStream.writeObject0(Ljava/lang/Object;Z)V @ 240
Event: 390.399 Thread 0x000000001c8d7000 Uncommon trap: reason=class_check action=maybe_recompile pc=0x0000000004c00988 method=java.io.ObjectOutputStream.writeObject0(Ljava/lang/Object;Z)V @ 240
Event: 390.400 Thread 0x000000001c8d7000 Uncommon trap: reason=array_check action=maybe_recompile pc=0x0000000007609acc method=java.util.ComparableTimSort.reverseRange([Ljava/lang/Object;II)V @ 20
Event: 390.400 Thread 0x000000001c8d7000 Uncommon trap: reason=class_check action=maybe_recompile pc=0x0000000004c00988 method=java.io.ObjectOutputStream.writeObject0(Ljava/lang/Object;Z)V @ 240
Event: 390.401 Thread 0x000000001c8d7000 Uncommon trap: reason=class_check action=maybe_recompile pc=0x0000000004c00988 method=java.io.ObjectOutputStream.writeObject0(Ljava/lang/Object;Z)V @ 240
Event: 390.405 Thread 0x000000001c8d7000 Uncommon trap: reason=unstable_if action=reinterpret pc=0x0000000004c6ac28 method=java.io.ObjectStreamClass.hasWriteReplaceMethod()Z @ 8
Event: 390.423 Thread 0x000000001c8d7000 Uncommon trap: reason=array_check action=maybe_recompile pc=0x0000000007609acc method=java.util.ComparableTimSort.reverseRange([Ljava/lang/Object;II)V @ 20
Event: 406.381 Thread 0x000000001c8df800 Uncommon trap: reason=unstable_if action=reinterpret pc=0x0000000004b130ac method=java.util.concurrent.ConcurrentHashMap.addCount(JI)V @ 97
Event: 406.949 Thread 0x000000001c263000 Uncommon trap: reason=bimorphic action=maybe_recompile pc=0x0000000004c8f014 method=java.io.ObjectOutputStream$BlockDataOutputStream.drain()V @ 36

Classes redefined (0 events):
No events

Internal exceptions (10 events):
Event: 406.856 Thread 0x000000001c263000 Exception <a 'sun/nio/fs/WindowsException'> (0x00000000f13ca9c8) thrown at [D:\src\AOSP-openjdk-cygwin\jdk8u\hotspot\src\share\vm\prims\jni.cpp, line 709]
Event: 406.856 Thread 0x000000001c263000 Exception <a 'sun/nio/fs/WindowsException'> (0x00000000f13cb918) thrown at [D:\src\AOSP-openjdk-cygwin\jdk8u\hotspot\src\share\vm\prims\jni.cpp, line 709]
Event: 406.856 Thread 0x000000001c263000 Exception <a 'sun/nio/fs/WindowsException'> (0x00000000f13cbfe8) thrown at [D:\src\AOSP-openjdk-cygwin\jdk8u\hotspot\src\share\vm\prims\jni.cpp, line 709]
Event: 406.857 Thread 0x000000001c263000 Exception <a 'sun/nio/fs/WindowsException'> (0x00000000f13cd060) thrown at [D:\src\AOSP-openjdk-cygwin\jdk8u\hotspot\src\share\vm\prims\jni.cpp, line 709]
Event: 406.857 Thread 0x000000001c263000 Exception <a 'sun/nio/fs/WindowsException'> (0x00000000f13cd738) thrown at [D:\src\AOSP-openjdk-cygwin\jdk8u\hotspot\src\share\vm\prims\jni.cpp, line 709]
Event: 406.857 Thread 0x000000001c263000 Exception <a 'sun/nio/fs/WindowsException'> (0x00000000f13ce6b0) thrown at [D:\src\AOSP-openjdk-cygwin\jdk8u\hotspot\src\share\vm\prims\jni.cpp, line 709]
Event: 406.857 Thread 0x000000001c263000 Exception <a 'sun/nio/fs/WindowsException'> (0x00000000f13ced80) thrown at [D:\src\AOSP-openjdk-cygwin\jdk8u\hotspot\src\share\vm\prims\jni.cpp, line 709]
Event: 406.952 Thread 0x000000001c263000 Exception <a 'sun/nio/fs/WindowsException'> (0x00000000f144a530) thrown at [D:\src\AOSP-openjdk-cygwin\jdk8u\hotspot\src\share\vm\prims\jni.cpp, line 709]
Event: 408.403 Thread 0x000000001c266000 Exception <a 'java/io/IOException'> (0x00000000f51e7f48) thrown at [D:\src\AOSP-openjdk-cygwin\jdk8u\hotspot\src\share\vm\prims\jni.cpp, line 709]
Event: 408.412 Thread 0x000000001c266000 Exception <a 'java/io/IOException': CreateProcess error=1455, The paging file is too small for this operation to complete> (0x00000000f51e9668) thrown at [D:\src\AOSP-openjdk-cygwin\jdk8u\hotspot\src\share\vm\prims\jni.cpp, line 735]

Events (10 events):
Event: 408.401 Executing VM operation: RevokeBias
Event: 408.402 Executing VM operation: RevokeBias done
Event: 408.402 Thread 0x000000001c267000 Thread exited: 0x000000001c267000
Event: 408.402 Executing VM operation: RevokeBias
Event: 408.402 Executing VM operation: RevokeBias done
Event: 408.402 Executing VM operation: RevokeBias
Event: 408.402 Executing VM operation: RevokeBias done
Event: 408.402 Thread 0x000000001c264800 Thread exited: 0x000000001c264800
Event: 408.462 Thread 0x000000001c26a800 Thread added: 0x000000001c26a800
Event: 408.462 Thread 0x000000001c267800 Thread added: 0x000000001c267800


Dynamic libraries:
0x00007ff7f66b0000 - 0x00007ff7f66e1000 	E:\AndroidStudio\install\jre\bin\java.exe
0x00007ffc2ee80000 - 0x00007ffc2f06e000 	C:\WINDOWS\SYSTEM32\ntdll.dll
0x00007ffc2d1b0000 - 0x00007ffc2d262000 	C:\WINDOWS\System32\KERNEL32.DLL
0x00007ffc2c2c0000 - 0x00007ffc2c565000 	C:\WINDOWS\System32\KERNELBASE.dll
0x00007ffc2a040000 - 0x00007ffc2a0cf000 	C:\WINDOWS\SYSTEM32\apphelp.dll
0x00007ffc2e980000 - 0x00007ffc2ea22000 	C:\WINDOWS\System32\ADVAPI32.dll
0x00007ffc2d900000 - 0x00007ffc2d99e000 	C:\WINDOWS\System32\msvcrt.dll
0x00007ffc2ea30000 - 0x00007ffc2eac7000 	C:\WINDOWS\System32\sechost.dll
0x00007ffc2ed00000 - 0x00007ffc2ee1f000 	C:\WINDOWS\System32\RPCRT4.dll
0x00007ffc2d280000 - 0x00007ffc2d418000 	C:\WINDOWS\System32\USER32.dll
0x00007ffc2c290000 - 0x00007ffc2c2b1000 	C:\WINDOWS\System32\win32u.dll
0x00007ffc2ee20000 - 0x00007ffc2ee46000 	C:\WINDOWS\System32\GDI32.dll
0x00007ffc2bf40000 - 0x00007ffc2c0d4000 	C:\WINDOWS\System32\gdi32full.dll
0x00007ffc2c6c0000 - 0x00007ffc2c75e000 	C:\WINDOWS\System32\msvcp_win.dll
0x00007ffc2c0e0000 - 0x00007ffc2c1da000 	C:\WINDOWS\System32\ucrtbase.dll
0x00007ffc1b890000 - 0x00007ffc1bb15000 	C:\WINDOWS\WinSxS\amd64_microsoft.windows.common-controls_6595b64144ccf1df_6.0.18334.1_none_d1d9e725244dc0cc\COMCTL32.dll
0x00007ffc2d9a0000 - 0x00007ffc2dcd8000 	C:\WINDOWS\System32\combase.dll
0x00007ffc2c210000 - 0x00007ffc2c28f000 	C:\WINDOWS\System32\bcryptPrimitives.dll
0x00007ffc2cf60000 - 0x00007ffc2cf8e000 	C:\WINDOWS\System32\IMM32.DLL
0x0000000052890000 - 0x0000000052962000 	E:\AndroidStudio\install\jre\jre\bin\msvcr100.dll
0x0000000054e00000 - 0x0000000055641000 	E:\AndroidStudio\install\jre\jre\bin\server\jvm.dll
0x00007ffc2cf50000 - 0x00007ffc2cf58000 	C:\WINDOWS\System32\PSAPI.DLL
0x00007ffc1ddc0000 - 0x00007ffc1ddca000 	C:\WINDOWS\SYSTEM32\VERSION.dll
0x00007ffc28680000 - 0x00007ffc28689000 	C:\WINDOWS\SYSTEM32\WSOCK32.dll
0x00007ffc2d420000 - 0x00007ffc2d48f000 	C:\WINDOWS\System32\WS2_32.dll
0x00007ffc28ac0000 - 0x00007ffc28ae4000 	C:\WINDOWS\SYSTEM32\WINMM.dll
0x00007ffc28a90000 - 0x00007ffc28abd000 	C:\WINDOWS\SYSTEM32\winmmbase.dll
0x00007ffc2c760000 - 0x00007ffc2c7ab000 	C:\WINDOWS\System32\cfgmgr32.dll
0x00007ffc28670000 - 0x00007ffc2867f000 	E:\AndroidStudio\install\jre\jre\bin\verify.dll
0x00007ffc24e00000 - 0x00007ffc24e29000 	E:\AndroidStudio\install\jre\jre\bin\java.dll
0x00007ffc26cb0000 - 0x00007ffc26cc6000 	E:\AndroidStudio\install\jre\jre\bin\zip.dll
0x00007ffc2e0c0000 - 0x00007ffc2e7a3000 	C:\WINDOWS\System32\SHELL32.dll
0x00007ffc2ead0000 - 0x00007ffc2eb79000 	C:\WINDOWS\System32\shcore.dll
0x00007ffc2c7b0000 - 0x00007ffc2cf2a000 	C:\WINDOWS\System32\windows.storage.dll
0x00007ffc2bdf0000 - 0x00007ffc2be0f000 	C:\WINDOWS\System32\profapi.dll
0x00007ffc2bda0000 - 0x00007ffc2bdea000 	C:\WINDOWS\System32\powrprof.dll
0x00007ffc2bd70000 - 0x00007ffc2bd80000 	C:\WINDOWS\System32\UMPDC.dll
0x00007ffc2e7b0000 - 0x00007ffc2e802000 	C:\WINDOWS\System32\shlwapi.dll
0x00007ffc2be10000 - 0x00007ffc2be21000 	C:\WINDOWS\System32\kernel.appcore.dll
0x00007ffc2cf30000 - 0x00007ffc2cf47000 	C:\WINDOWS\System32\cryptsp.dll
0x00007ffc25c90000 - 0x00007ffc25caa000 	E:\AndroidStudio\install\jre\jre\bin\net.dll
0x00007ffc2b5e0000 - 0x00007ffc2b647000 	C:\WINDOWS\system32\mswsock.dll
0x00007ffc250c0000 - 0x00007ffc250d1000 	E:\AndroidStudio\install\jre\jre\bin\nio.dll
0x00007ffc24ac0000 - 0x00007ffc24ade000 	C:\Users\shand\.gradle\native\25\windows-amd64\native-platform.dll
0x00007ffc25b40000 - 0x00007ffc25b4d000 	E:\AndroidStudio\install\jre\jre\bin\management.dll
0x00007ffc2b140000 - 0x00007ffc2b173000 	C:\WINDOWS\system32\rsaenh.dll
0x00007ffc2c1e0000 - 0x00007ffc2c206000 	C:\WINDOWS\System32\bcrypt.dll
0x00007ffc2bc90000 - 0x00007ffc2bcb5000 	C:\WINDOWS\SYSTEM32\USERENV.dll
0x00007ffc2b7b0000 - 0x00007ffc2b7bc000 	C:\WINDOWS\SYSTEM32\CRYPTBASE.dll
0x00007ffc2b340000 - 0x00007ffc2b37a000 	C:\WINDOWS\SYSTEM32\IPHLPAPI.DLL
0x00007ffc2d270000 - 0x00007ffc2d278000 	C:\WINDOWS\System32\NSI.dll
0x00007ffc21090000 - 0x00007ffc210a6000 	C:\WINDOWS\SYSTEM32\dhcpcsvc6.DLL
0x00007ffc21070000 - 0x00007ffc2108c000 	C:\WINDOWS\SYSTEM32\dhcpcsvc.DLL
0x00007ffc2b380000 - 0x00007ffc2b44a000 	C:\WINDOWS\SYSTEM32\DNSAPI.dll
0x00007ffbfb410000 - 0x00007ffbfb5a7000 	E:\AndroidStudio\install\jre\jre\bin\awt.dll
0x00007ffc2dff0000 - 0x00007ffc2e0b5000 	C:\WINDOWS\System32\OLEAUT32.dll
0x00007ffc28c60000 - 0x00007ffc29217000 	C:\WINDOWS\SYSTEM32\d2d1.dll
0x00007ffc2a730000 - 0x00007ffc2a75d000 	C:\WINDOWS\system32\DWMAPI.DLL
0x00007ffc2a140000 - 0x00007ffc2a1da000 	C:\WINDOWS\system32\uxtheme.dll
0x00007ffc2ae20000 - 0x00007ffc2ae51000 	C:\WINDOWS\SYSTEM32\ntmarta.dll

VM Arguments:
jvm_args: -Xmx1536m -Dfile.encoding=GBK -Duser.country=US -Duser.language=en -Duser.variant 
java_command: org.gradle.launcher.daemon.bootstrap.GradleDaemon 4.6
java_class_path (initial): C:\Users\shand\.gradle\wrapper\dists\gradle-4.6-all\bcst21l2brirad8k2ben1letg\gradle-4.6\lib\gradle-launcher-4.6.jar
Launcher Type: SUN_STANDARD

Environment Variables:
JAVA_HOME=E:\java\java_install\jdk1.8.0_201
CLASSPATH=.;E:\java\java_install\jdk1.8.0_201\lib\dt.jar;E:\java\java_install\jdk1.8.0_201\lib\tools.jar;
PATH=C:\Program Files (x86)\Common Files\Oracle\Java\javapath;E:\python2\install\;E:\python2\install\Scripts;C:\WINDOWS\system32;C:\WINDOWS;C:\WINDOWS\System32\Wbem;C:\WINDOWS\System32\WindowsPowerShell\v1.0\;C:\WINDOWS\System32\OpenSSH\;E:\Putty\install\;C:\Program Files (x86)\NVIDIA Corporation\PhysX\Common;C:\WINDOWS\system32;C:\WINDOWS;C:\WINDOWS\System32\Wbem;C:\WINDOWS\System32\WindowsPowerShell\v1.0\;C:\WINDOWS\System32\OpenSSH\;C:\Program Files (x86)\GtkSharp\2.12\bin;E:\python3\install\Scripts\;E:\python3\install;C:\Users\shand\AppData\Local\Microsoft\WindowsApps;E:\python2\install\Scripts\;E:\python2\install\;E:\java\java_install\jdk1.8.0_201\bin;E:\java\java_install\jdk1.8.0_201\jre\bin;
USERNAME=shand
OS=Windows_NT
PROCESSOR_IDENTIFIER=Intel64 Family 6 Model 142 Stepping 9, GenuineIntel



---------------  S Y S T E M  ---------------

OS: Windows 10.0 , 64 bit Build 18334 (10.0.18334.1)

CPU:total 4 (initial active 4) (2 cores per cpu, 2 threads per core) family 6 model 142 stepping 9, cmov, cx8, fxsr, mmx, sse, sse2, sse3, ssse3, sse4.1, sse4.2, popcnt, avx, avx2, aes, clmul, erms, 3dnowpref, lzcnt, ht, tsc, tscinvbit, bmi1, bmi2, adx

Memory: 4k page, physical 8289196k(693808k free), swap 9337772k(4096k free)

vm_info: OpenJDK 64-Bit Server VM (25.152-b06) for windows-amd64 JRE (1.8.0_152-release-1136-b06), built by "builder" with MS VC++ 10.0 (VS2010)

time: Thu Mar 14 20:37:13 2019
elapsed time: 408 seconds (0d 0h 6m 48s)

