#
# There is insufficient memory for the Java Runtime Environment to continue.
# Native memory allocation (malloc) failed to allocate 1121536 bytes for Chunk::new
# Possible reasons:
#   The system is out of physical RAM or swap space
#   In 32 bit mode, the process size limit was hit
# Possible solutions:
#   Reduce memory load on the system
#   Increase physical memory or swap space
#   Check if swap backing store is full
#   Use 64 bit Java on a 64 bit OS
#   Decrease Java heap size (-Xmx/-Xms)
#   Decrease number of Java threads
#   Decrease Java thread stack sizes (-Xss)
#   Set larger code cache with -XX:ReservedCodeCacheSize=
# This output file may be truncated or incomplete.
#
#  Out of Memory Error (allocation.cpp:390), pid=21040, tid=0x0000000000004dd0
#
# JRE version: OpenJDK Runtime Environment (8.0_152-b06) (build 1.8.0_152-release-1136-b06)
# Java VM: OpenJDK 64-Bit Server VM (25.152-b06 mixed mode windows-amd64 compressed oops)
# Failed to write core dump. Minidumps are not enabled by default on client versions of Windows
#

---------------  T H R E A D  ---------------

Current thread (0x000000001669c800):  JavaThread "C2 CompilerThread1" daemon [_thread_in_native, id=19920, stack(0x0000000018190000,0x0000000018290000)]

Stack: [0x0000000018190000,0x0000000018290000]
[error occurred during error reporting (printing stack bounds), id 0xc0000005]

Native frames: (J=compiled Java code, j=interpreted, Vv=VM code, C=native code)


Current CompileTask:
C2: 509944 20052   !   4       org.gradle.api.internal.AbstractClassGenerator::generateUnderLock (1137 bytes)


---------------  P R O C E S S  ---------------

Java Threads: ( => current thread )
  0x0000000020c26000 JavaThread "Task worker for ':' Thread 3" [_thread_blocked, id=20100, stack(0x0000000025750000,0x0000000025850000)]
  0x0000000020c25800 JavaThread "Task worker for ':' Thread 2" [_thread_blocked, id=16460, stack(0x0000000024b40000,0x0000000024c40000)]
  0x0000000020c22800 JavaThread "Task worker for ':'" [_thread_blocked, id=22408, stack(0x0000000024a40000,0x0000000024b40000)]
  0x0000000020c24000 JavaThread "Cache worker for Build Output Cleanup Cache (E:\AndroidStudio\homework\four\ex4_4\.gradle\buildOutputCleanup)" [_thread_blocked, id=17720, stack(0x0000000024340000,0x0000000024440000)]
  0x0000000020c21800 JavaThread "Cache worker for task history cache (E:\AndroidStudio\homework\four\ex4_4\.gradle\4.6\taskHistory)" [_thread_blocked, id=18360, stack(0x0000000022dc0000,0x0000000022ec0000)]
  0x0000000020c24800 JavaThread "Cache worker for file content cache (E:\AndroidStudio\homework\four\ex4_4\.gradle\4.6\fileContent)" [_thread_blocked, id=21096, stack(0x0000000022cc0000,0x0000000022dc0000)]
  0x0000000020c1a000 JavaThread "Build operations Thread 4" [_thread_blocked, id=22160, stack(0x0000000022bc0000,0x0000000022cc0000)]
  0x0000000020c20000 JavaThread "Build operations Thread 3" [_thread_blocked, id=14316, stack(0x0000000020f30000,0x0000000021030000)]
  0x0000000020c21000 JavaThread "Build operations Thread 2" [_thread_blocked, id=15416, stack(0x0000000020e30000,0x0000000020f30000)]
  0x0000000020c1f800 JavaThread "Build operations" [_thread_blocked, id=18652, stack(0x0000000020d30000,0x0000000020e30000)]
  0x0000000020c18800 JavaThread "Cache worker for Artifact transforms cache (C:\Users\shand\.gradle\caches\transforms-1)" [_thread_blocked, id=14728, stack(0x000000001f890000,0x000000001f990000)]
  0x0000000020c1e800 JavaThread "Cache worker for file hash cache (E:\AndroidStudio\homework\four\ex4_4\.gradle\4.6\fileHashes)" [_thread_blocked, id=16528, stack(0x000000001f590000,0x000000001f690000)]
  0x0000000020c1c800 JavaThread "Stdin handler" [_thread_blocked, id=1640, stack(0x000000001be70000,0x000000001bf70000)]
  0x0000000020c1e000 JavaThread "Asynchronous log dispatcher for DefaultDaemonConnection: socket connection from /127.0.0.1:60141 to /127.0.0.1:60547" [_thread_blocked, id=21792, stack(0x000000001a3a0000,0x000000001a4a0000)]
  0x0000000020c1b000 JavaThread "Cancel handler" [_thread_blocked, id=19012, stack(0x0000000000c70000,0x0000000000d70000)]
  0x0000000020c1d000 JavaThread "Handler for socket connection from /127.0.0.1:60141 to /127.0.0.1:60547" [_thread_in_native, id=19712, stack(0x0000000000b70000,0x0000000000c70000)]
  0x000000001ce23000 JavaThread "Daemon worker Thread 4" [_thread_in_native, id=14096, stack(0x000000001a2a0000,0x000000001a3a0000)]
  0x000000001ce23800 JavaThread "Daemon Thread 4" [_thread_blocked, id=636, stack(0x0000000000a70000,0x0000000000b70000)]
  0x000000001ce20800 JavaThread "pool-1-thread-1" [_thread_blocked, id=10708, stack(0x0000000022600000,0x0000000022700000)]
  0x000000001ce24800 JavaThread "Memory manager" [_thread_blocked, id=17484, stack(0x0000000021900000,0x0000000021a00000)]
  0x00000000199a5000 JavaThread "File lock request listener" [_thread_in_native, id=15580, stack(0x000000001ada0000,0x000000001aea0000)]
  0x00000000197ab800 JavaThread "Cache worker for file hash cache (C:\Users\shand\.gradle\caches\4.6\fileHashes)" [_thread_blocked, id=18120, stack(0x000000001aca0000,0x000000001ada0000)]
  0x0000000019699000 JavaThread "Daemon periodic checks" [_thread_blocked, id=13916, stack(0x000000001a1a0000,0x000000001a2a0000)]
  0x0000000019453800 JavaThread "Incoming local TCP Connector on port 60141" [_thread_in_native, id=7772, stack(0x0000000019f60000,0x000000001a060000)]
  0x0000000017b19800 JavaThread "Service Thread" daemon [_thread_blocked, id=5404, stack(0x0000000018390000,0x0000000018490000)]
  0x0000000017a9e800 JavaThread "C1 CompilerThread2" daemon [_thread_blocked, id=7264, stack(0x0000000018290000,0x0000000018390000)]
=>0x000000001669c800 JavaThread "C2 CompilerThread1" daemon [_thread_in_native, id=19920, stack(0x0000000018190000,0x0000000018290000)]
  0x000000001664d800 JavaThread "C2 CompilerThread0" daemon [_thread_in_native, id=12104, stack(0x0000000018090000,0x0000000018190000)]
  0x0000000016698000 JavaThread "Attach Listener" daemon [_thread_blocked, id=20244, stack(0x0000000017f90000,0x0000000018090000)]
  0x0000000017a98800 JavaThread "Signal Dispatcher" daemon [_thread_blocked, id=3032, stack(0x0000000017e90000,0x0000000017f90000)]
  0x0000000016628800 JavaThread "Finalizer" daemon [_thread_blocked, id=17960, stack(0x0000000017890000,0x0000000017990000)]
  0x0000000016607000 JavaThread "Reference Handler" daemon [_thread_blocked, id=17824, stack(0x0000000017790000,0x0000000017890000)]
  0x0000000002ace000 JavaThread "main" [_thread_blocked, id=22356, stack(0x0000000002ad0000,0x0000000002bd0000)]

Other Threads:
  0x0000000016605800 VMThread [stack: 0x0000000017690000,0x0000000017790000] [id=8924]
  0x0000000017b2a800 WatcherThread [stack: 0x0000000018490000,0x0000000018590000] [id=21584]

VM state:not at safepoint (normal execution)

VM Mutex/Monitor currently owned by a thread: None

Heap:
 PSYoungGen      total 491520K, used 298531K [0x00000000e0000000, 0x0000000100000000, 0x0000000100000000)
  eden space 458752K, 63% used [0x00000000e0000000,0x00000000f1b58460,0x00000000fc000000)
  from space 32768K, 25% used [0x00000000fc000000,0x00000000fc8308e0,0x00000000fe000000)
  to   space 32256K, 0% used [0x00000000fe080000,0x00000000fe080000,0x0000000100000000)
 ParOldGen       total 146432K, used 54512K [0x00000000a0000000, 0x00000000a8f00000, 0x00000000e0000000)
  object space 146432K, 37% used [0x00000000a0000000,0x00000000a353c260,0x00000000a8f00000)
 Metaspace       used 85580K, capacity 89806K, committed 89944K, reserved 1128448K
  class space    used 10826K, capacity 11608K, committed 11648K, reserved 1048576K

Card table byte_map: [0x0000000012090000,0x00000000123a0000] byte_map_base: 0x0000000011b90000

Marking Bits: (ParMarkBitMap*) 0x000000005b505aa0
 Begin Bits: [0x00000000129a0000, 0x00000000141a0000)
 End Bits:   [0x00000000141a0000, 0x00000000159a0000)

Polling page: 0x0000000000960000

CodeCache: size=245760Kb used=52047Kb max_used=52308Kb free=193712Kb
 bounds [0x0000000002cd0000, 0x0000000006050000, 0x0000000011cd0000]
 total_blobs=16888 nmethods=16027 adapters=769
 compilation: enabled

Compilation events (10 events):
Event: 509.854 Thread 0x0000000017a9e800 nmethod 20139 0x0000000005d7e690 code [0x0000000005d7ea20, 0x0000000005d80718]
Event: 509.854 Thread 0x0000000017a9e800 20138       3       org.gradle.api.internal.changedetection.changes.ShortCircuitTaskArtifactStateRepository::getStateFor (96 bytes)
Event: 509.855 Thread 0x0000000017a9e800 nmethod 20138 0x0000000004888050 code [0x0000000004888240, 0x0000000004888a98]
Event: 509.868 Thread 0x000000001664d800 nmethod 20131 0x00000000044473d0 code [0x00000000044475e0, 0x0000000004448050]
Event: 509.868 Thread 0x000000001664d800 20136       4       com.google.common.collect.ImmutableList$Builder::build (12 bytes)
Event: 509.873 Thread 0x000000001664d800 nmethod 20136 0x0000000004887850 code [0x00000000048879c0, 0x0000000004887d38]
Event: 509.877 Thread 0x0000000017a9e800 20140       3       sun.reflect.MethodAccessorGenerator::usesPrimitiveTypes (45 bytes)
Event: 509.877 Thread 0x0000000017a9e800 nmethod 20140 0x00000000056481d0 code [0x0000000005648360, 0x0000000005648798]
Event: 509.877 Thread 0x0000000017a9e800 20146       3       sun.reflect.MethodAccessorGenerator::emitInvoke (1033 bytes)
Event: 509.883 Thread 0x000000001664d800 20147       4       org.gradle.internal.component.external.model.DefaultMavenModuleResolveMetadata::getConfiguration (6 bytes)

GC Heap History (10 events):
Event: 225.795 GC heap before
{Heap before GC invocations=14 (full 3):
 PSYoungGen      total 350720K, used 348936K [0x00000000e0000000, 0x00000000f8000000, 0x0000000100000000)
  eden space 327168K, 99% used [0x00000000e0000000,0x00000000f3dc9008,0x00000000f3f80000)
  from space 23552K, 99% used [0x00000000f5c00000,0x00000000f72f93b0,0x00000000f7300000)
  to   space 29184K, 0% used [0x00000000f3f80000,0x00000000f3f80000,0x00000000f5c00000)
 ParOldGen       total 146432K, used 41987K [0x00000000a0000000, 0x00000000a8f00000, 0x00000000e0000000)
  object space 146432K, 28% used [0x00000000a0000000,0x00000000a2900f38,0x00000000a8f00000)
 Metaspace       used 77781K, capacity 80908K, committed 81112K, reserved 1120256K
  class space    used 10046K, capacity 10687K, committed 10752K, reserved 1048576K
Event: 225.828 GC heap after
Heap after GC invocations=14 (full 3):
 PSYoungGen      total 356352K, used 24631K [0x00000000e0000000, 0x00000000fb780000, 0x0000000100000000)
  eden space 327168K, 0% used [0x00000000e0000000,0x00000000e0000000,0x00000000f3f80000)
  from space 29184K, 84% used [0x00000000f3f80000,0x00000000f578df00,0x00000000f5c00000)
  to   space 31744K, 0% used [0x00000000f9880000,0x00000000f9880000,0x00000000fb780000)
 ParOldGen       total 146432K, used 41995K [0x00000000a0000000, 0x00000000a8f00000, 0x00000000e0000000)
  object space 146432K, 28% used [0x00000000a0000000,0x00000000a2902f38,0x00000000a8f00000)
 Metaspace       used 77781K, capacity 80908K, committed 81112K, reserved 1120256K
  class space    used 10046K, capacity 10687K, committed 10752K, reserved 1048576K
}
Event: 225.995 GC heap before
{Heap before GC invocations=15 (full 3):
 PSYoungGen      total 356352K, used 351264K [0x00000000e0000000, 0x00000000fb780000, 0x0000000100000000)
  eden space 327168K, 99% used [0x00000000e0000000,0x00000000f3efa208,0x00000000f3f80000)
  from space 29184K, 84% used [0x00000000f3f80000,0x00000000f578df00,0x00000000f5c00000)
  to   space 31744K, 0% used [0x00000000f9880000,0x00000000f9880000,0x00000000fb780000)
 ParOldGen       total 146432K, used 41995K [0x00000000a0000000, 0x00000000a8f00000, 0x00000000e0000000)
  object space 146432K, 28% used [0x00000000a0000000,0x00000000a2902f38,0x00000000a8f00000)
 Metaspace       used 77981K, capacity 81076K, committed 81368K, reserved 1120256K
  class space    used 10078K, capacity 10695K, committed 10752K, reserved 1048576K
Event: 226.025 GC heap after
Heap after GC invocations=15 (full 3):
 PSYoungGen      total 419328K, used 16992K [0x00000000e0000000, 0x00000000ffe80000, 0x0000000100000000)
  eden space 387584K, 0% used [0x00000000e0000000,0x00000000e0000000,0x00000000f7a80000)
  from space 31744K, 53% used [0x00000000f9880000,0x00000000fa918120,0x00000000fb780000)
  to   space 30720K, 0% used [0x00000000f7a80000,0x00000000f7a80000,0x00000000f9880000)
 ParOldGen       total 146432K, used 42003K [0x00000000a0000000, 0x00000000a8f00000, 0x00000000e0000000)
  object space 146432K, 28% used [0x00000000a0000000,0x00000000a2904f38,0x00000000a8f00000)
 Metaspace       used 77981K, capacity 81076K, committed 81368K, reserved 1120256K
  class space    used 10078K, capacity 10695K, committed 10752K, reserved 1048576K
}
Event: 249.885 GC heap before
{Heap before GC invocations=16 (full 3):
 PSYoungGen      total 419328K, used 404301K [0x00000000e0000000, 0x00000000ffe80000, 0x0000000100000000)
  eden space 387584K, 99% used [0x00000000e0000000,0x00000000f7a3b4c0,0x00000000f7a80000)
  from space 31744K, 53% used [0x00000000f9880000,0x00000000fa918120,0x00000000fb780000)
  to   space 30720K, 0% used [0x00000000f7a80000,0x00000000f7a80000,0x00000000f9880000)
 ParOldGen       total 146432K, used 42003K [0x00000000a0000000, 0x00000000a8f00000, 0x00000000e0000000)
  object space 146432K, 28% used [0x00000000a0000000,0x00000000a2904f38,0x00000000a8f00000)
 Metaspace       used 80070K, capacity 83406K, committed 83672K, reserved 1122304K
  class space    used 10322K, capacity 10984K, committed 11008K, reserved 1048576K
Event: 249.938 GC heap after
Heap after GC invocations=16 (full 3):
 PSYoungGen      total 418304K, used 7490K [0x00000000e0000000, 0x00000000ffe00000, 0x0000000100000000)
  eden space 387584K, 0% used [0x00000000e0000000,0x00000000e0000000,0x00000000f7a80000)
  from space 30720K, 24% used [0x00000000f7a80000,0x00000000f81d0958,0x00000000f9880000)
  to   space 30208K, 0% used [0x00000000fe080000,0x00000000fe080000,0x00000000ffe00000)
 ParOldGen       total 146432K, used 52003K [0x00000000a0000000, 0x00000000a8f00000, 0x00000000e0000000)
  object space 146432K, 35% used [0x00000000a0000000,0x00000000a32c8c60,0x00000000a8f00000)
 Metaspace       used 80070K, capacity 83406K, committed 83672K, reserved 1122304K
  class space    used 10322K, capacity 10984K, committed 11008K, reserved 1048576K
}
Event: 256.748 GC heap before
{Heap before GC invocations=17 (full 3):
 PSYoungGen      total 418304K, used 395074K [0x00000000e0000000, 0x00000000ffe00000, 0x0000000100000000)
  eden space 387584K, 100% used [0x00000000e0000000,0x00000000f7a80000,0x00000000f7a80000)
  from space 30720K, 24% used [0x00000000f7a80000,0x00000000f81d0958,0x00000000f9880000)
  to   space 30208K, 0% used [0x00000000fe080000,0x00000000fe080000,0x00000000ffe00000)
 ParOldGen       total 146432K, used 52003K [0x00000000a0000000, 0x00000000a8f00000, 0x00000000e0000000)
  object space 146432K, 35% used [0x00000000a0000000,0x00000000a32c8c60,0x00000000a8f00000)
 Metaspace       used 82318K, capacity 85754K, committed 85976K, reserved 1124352K
  class space    used 10481K, capacity 11144K, committed 11264K, reserved 1048576K
Event: 256.827 GC heap after
Heap after GC invocations=17 (full 3):
 PSYoungGen      total 488960K, used 24992K [0x00000000e0000000, 0x0000000100000000, 0x0000000100000000)
  eden space 458752K, 0% used [0x00000000e0000000,0x00000000e0000000,0x00000000fc000000)
  from space 30208K, 82% used [0x00000000fe080000,0x00000000ff8e83a8,0x00000000ffe00000)
  to   space 32768K, 0% used [0x00000000fc000000,0x00000000fc000000,0x00000000fe000000)
 ParOldGen       total 146432K, used 53004K [0x00000000a0000000, 0x00000000a8f00000, 0x00000000e0000000)
  object space 146432K, 36% used [0x00000000a0000000,0x00000000a33c31d0,0x00000000a8f00000)
 Metaspace       used 82318K, capacity 85754K, committed 85976K, reserved 1124352K
  class space    used 10481K, capacity 11144K, committed 11264K, reserved 1048576K
}
Event: 390.781 GC heap before
{Heap before GC invocations=18 (full 3):
 PSYoungGen      total 488960K, used 483744K [0x00000000e0000000, 0x0000000100000000, 0x0000000100000000)
  eden space 458752K, 100% used [0x00000000e0000000,0x00000000fc000000,0x00000000fc000000)
  from space 30208K, 82% used [0x00000000fe080000,0x00000000ff8e83a8,0x00000000ffe00000)
  to   space 32768K, 0% used [0x00000000fc000000,0x00000000fc000000,0x00000000fe000000)
 ParOldGen       total 146432K, used 53004K [0x00000000a0000000, 0x00000000a8f00000, 0x00000000e0000000)
  object space 146432K, 36% used [0x00000000a0000000,0x00000000a33c31d0,0x00000000a8f00000)
 Metaspace       used 84080K, capacity 87890K, committed 88024K, reserved 1126400K
  class space    used 10697K, capacity 11442K, committed 11520K, reserved 1048576K
Event: 390.800 GC heap after
Heap after GC invocations=18 (full 3):
 PSYoungGen      total 491520K, used 8386K [0x00000000e0000000, 0x0000000100000000, 0x0000000100000000)
  eden space 458752K, 0% used [0x00000000e0000000,0x00000000e0000000,0x00000000fc000000)
  from space 32768K, 25% used [0x00000000fc000000,0x00000000fc8308e0,0x00000000fe000000)
  to   space 32256K, 0% used [0x00000000fe080000,0x00000000fe080000,0x0000000100000000)
 ParOldGen       total 146432K, used 54512K [0x00000000a0000000, 0x00000000a8f00000, 0x00000000e0000000)
  object space 146432K, 37% used [0x00000000a0000000,0x00000000a353c260,0x00000000a8f00000)
 Metaspace       used 84080K, capacity 87890K, committed 88024K, reserved 1126400K
  class space    used 10697K, capacity 11442K, committed 11520K, reserved 1048576K
}

Deoptimization events (10 events):
Event: 471.083 Thread 0x0000000020c19800 Uncommon trap: reason=class_check action=maybe_recompile pc=0x0000000005925f64 method=java.util.stream.MatchOps$MatchOp.evaluateSequential(Ljava/util/stream/PipelineHelper;Ljava/util/Spliterator;)Ljava/lang/Boolean; @ 14
Event: 471.083 Thread 0x0000000020c19800 Uncommon trap: reason=bimorphic action=maybe_recompile pc=0x000000000536f63c method=java.util.stream.AbstractPipeline.copyIntoWithCancel(Ljava/util/stream/Sink;Ljava/util/Spliterator;)V @ 24
Event: 483.515 Thread 0x000000001ce23000 Uncommon trap: reason=array_check action=maybe_recompile pc=0x0000000005c74d2c method=com.google.common.collect.ImmutableSet.construct(I[Ljava/lang/Object;)Lcom/google/common/collect/ImmutableSet; @ 122
Event: 483.518 Thread 0x000000001ce23000 Uncommon trap: reason=array_check action=maybe_recompile pc=0x0000000005c74d2c method=com.google.common.collect.ImmutableSet.construct(I[Ljava/lang/Object;)Lcom/google/common/collect/ImmutableSet; @ 122
Event: 483.518 Thread 0x000000001ce23000 Uncommon trap: reason=array_check action=maybe_recompile pc=0x0000000005c74d2c method=com.google.common.collect.ImmutableSet.construct(I[Ljava/lang/Object;)Lcom/google/common/collect/ImmutableSet; @ 122
Event: 483.522 Thread 0x000000001ce23000 Uncommon trap: reason=array_check action=maybe_recompile pc=0x0000000005c74d2c method=com.google.common.collect.ImmutableSet.construct(I[Ljava/lang/Object;)Lcom/google/common/collect/ImmutableSet; @ 122
Event: 509.482 Thread 0x000000001ce23000 Uncommon trap: reason=null_check action=make_not_entrant pc=0x0000000005fa5820 method=org.gradle.api.internal.collections.CollectionFilter.filter(Ljava/lang/Object;)Ljava/lang/Object; @ 5
Event: 509.656 Thread 0x0000000020c20000 Uncommon trap: reason=unstable_if action=reinterpret pc=0x00000000053784d0 method=java.util.concurrent.ConcurrentLinkedQueue.offer(Ljava/lang/Object;)Z @ 40
Event: 509.660 Thread 0x0000000020c1f800 Uncommon trap: reason=unstable_if action=reinterpret pc=0x0000000002dfc274 method=java.util.concurrent.ConcurrentLinkedQueue.offer(Ljava/lang/Object;)Z @ 40
Event: 509.735 Thread 0x0000000020c1f800 Uncommon trap: reason=unstable_if action=reinterpret pc=0x00000000051bb4a4 method=java.util.concurrent.ConcurrentLinkedQueue.offer(Ljava/lang/Object;)Z @ 91

Classes redefined (0 events):
No events

Internal exceptions (10 events):
Event: 389.807 Thread 0x0000000020c1d000 Exception <a 'sun/nio/fs/WindowsException'> (0x00000000f93ec720) thrown at [D:\src\AOSP-openjdk-cygwin\jdk8u\hotspot\src\share\vm\prims\jni.cpp, line 709]
Event: 392.871 Thread 0x0000000020c25800 Exception <a 'java/lang/reflect/InvocationTargetException'> (0x00000000e2a31278) thrown at [D:\src\AOSP-openjdk-cygwin\jdk8u\hotspot\src\share\vm\runtime\reflection.cpp, line 1092]
Event: 467.721 Thread 0x000000001ce23000 Exception <a 'sun/nio/fs/WindowsException'> (0x00000000e3bdd020) thrown at [D:\src\AOSP-openjdk-cygwin\jdk8u\hotspot\src\share\vm\prims\jni.cpp, line 709]
Event: 470.911 Thread 0x0000000020c1e000 Exception <a 'sun/nio/fs/WindowsException'> (0x00000000ead15e98) thrown at [D:\src\AOSP-openjdk-cygwin\jdk8u\hotspot\src\share\vm\prims\jni.cpp, line 709]
Event: 470.920 Thread 0x0000000020c1e000 Exception <a 'sun/nio/fs/WindowsException'> (0x00000000eaed6888) thrown at [D:\src\AOSP-openjdk-cygwin\jdk8u\hotspot\src\share\vm\prims\jni.cpp, line 709]
Event: 471.012 Thread 0x0000000020c1a000 Exception <a 'sun/nio/fs/WindowsException'> (0x00000000eb2a1db8) thrown at [D:\src\AOSP-openjdk-cygwin\jdk8u\hotspot\src\share\vm\prims\jni.cpp, line 709]
Event: 471.051 Thread 0x0000000020c21800 Exception <a 'sun/nio/fs/WindowsException'> (0x00000000eb802ae8) thrown at [D:\src\AOSP-openjdk-cygwin\jdk8u\hotspot\src\share\vm\prims\jni.cpp, line 709]
Event: 483.750 Thread 0x000000001ce23000 Exception <a 'sun/nio/fs/WindowsException'> (0x00000000ece4fcd0) thrown at [D:\src\AOSP-openjdk-cygwin\jdk8u\hotspot\src\share\vm\prims\jni.cpp, line 709]
Event: 509.460 Thread 0x000000001ce23000 Exception <a 'sun/nio/fs/WindowsException'> (0x00000000f0176fb0) thrown at [D:\src\AOSP-openjdk-cygwin\jdk8u\hotspot\src\share\vm\prims\jni.cpp, line 709]
Event: 509.482 Thread 0x000000001ce23000 Implicit null exception at 0x0000000005fa56df to 0x0000000005fa580d

Events (10 events):
Event: 509.656 Thread 0x0000000020c20000 DEOPT PACKING pc=0x00000000053784d0 sp=0x000000002102e470
Event: 509.656 Thread 0x0000000020c20000 DEOPT UNPACKING pc=0x0000000002d1557b sp=0x000000002102e2b0 mode 2
Event: 509.660 Executing VM operation: RevokeBias
Event: 509.660 Executing VM operation: RevokeBias done
Event: 509.660 Thread 0x0000000020c1f800 Uncommon trap: trap_request=0xffffff65 fr.pc=0x0000000002dfc274
Event: 509.660 Thread 0x0000000020c1f800 DEOPT PACKING pc=0x0000000002dfc274 sp=0x0000000020e2e140
Event: 509.660 Thread 0x0000000020c1f800 DEOPT UNPACKING pc=0x0000000002d1557b sp=0x0000000020e2e078 mode 2
Event: 509.735 Thread 0x0000000020c1f800 Uncommon trap: trap_request=0xffffff65 fr.pc=0x00000000051bb4a4
Event: 509.735 Thread 0x0000000020c1f800 DEOPT PACKING pc=0x00000000051bb4a4 sp=0x0000000020e2db40
Event: 509.735 Thread 0x0000000020c1f800 DEOPT UNPACKING pc=0x0000000002d1557b sp=0x0000000020e2dac0 mode 2


Dynamic libraries:
0x00007ff7b46d0000 - 0x00007ff7b4701000 	E:\AndroidStudio\install\jre\bin\java.exe
0x00007ffaaefa0000 - 0x00007ffaaf18e000 	C:\WINDOWS\SYSTEM32\ntdll.dll
0x00007ffaae440000 - 0x00007ffaae4f2000 	C:\WINDOWS\System32\KERNEL32.DLL
0x00007ffaabf50000 - 0x00007ffaac1f5000 	C:\WINDOWS\System32\KERNELBASE.dll
0x00007ffaa9d50000 - 0x00007ffaa9ddf000 	C:\WINDOWS\SYSTEM32\apphelp.dll
0x00007ffaae2b0000 - 0x00007ffaae352000 	C:\WINDOWS\System32\ADVAPI32.dll
0x00007ffaae9e0000 - 0x00007ffaaea7e000 	C:\WINDOWS\System32\msvcrt.dll
0x00007ffaae500000 - 0x00007ffaae597000 	C:\WINDOWS\System32\sechost.dll
0x00007ffaaed50000 - 0x00007ffaaee6f000 	C:\WINDOWS\System32\RPCRT4.dll
0x00007ffaae840000 - 0x00007ffaae9d8000 	C:\WINDOWS\System32\USER32.dll
0x00007ffaad040000 - 0x00007ffaad061000 	C:\WINDOWS\System32\win32u.dll
0x00007ffaae6b0000 - 0x00007ffaae6d6000 	C:\WINDOWS\System32\GDI32.dll
0x00007ffaacd50000 - 0x00007ffaacee4000 	C:\WINDOWS\System32\gdi32full.dll
0x00007ffaac330000 - 0x00007ffaac3ce000 	C:\WINDOWS\System32\msvcp_win.dll
0x00007ffaac230000 - 0x00007ffaac32a000 	C:\WINDOWS\System32\ucrtbase.dll
0x00007ffa9a3d0000 - 0x00007ffa9a655000 	C:\WINDOWS\WinSxS\amd64_microsoft.windows.common-controls_6595b64144ccf1df_6.0.18334.1_none_d1d9e725244dc0cc\COMCTL32.dll
0x00007ffaadf10000 - 0x00007ffaae248000 	C:\WINDOWS\System32\combase.dll
0x00007ffaacef0000 - 0x00007ffaacf6f000 	C:\WINDOWS\System32\bcryptPrimitives.dll
0x00007ffaae680000 - 0x00007ffaae6ae000 	C:\WINDOWS\System32\IMM32.DLL
0x000000005be50000 - 0x000000005bf22000 	E:\AndroidStudio\install\jre\jre\bin\msvcr100.dll
0x000000005ad40000 - 0x000000005b581000 	E:\AndroidStudio\install\jre\jre\bin\server\jvm.dll
0x00007ffaaee70000 - 0x00007ffaaee78000 	C:\WINDOWS\System32\PSAPI.DLL
0x00007ffaa5870000 - 0x00007ffaa5879000 	C:\WINDOWS\SYSTEM32\WSOCK32.dll
0x00007ffaaeea0000 - 0x00007ffaaef0f000 	C:\WINDOWS\System32\WS2_32.dll
0x00007ffaa66e0000 - 0x00007ffaa6704000 	C:\WINDOWS\SYSTEM32\WINMM.dll
0x00007ffaa6180000 - 0x00007ffaa61ad000 	C:\WINDOWS\SYSTEM32\winmmbase.dll
0x00007ffaacf70000 - 0x00007ffaacfbb000 	C:\WINDOWS\System32\cfgmgr32.dll
0x00007ffaa28b0000 - 0x00007ffaa28ba000 	C:\WINDOWS\SYSTEM32\VERSION.dll
0x00007ffaa5290000 - 0x00007ffaa529f000 	E:\AndroidStudio\install\jre\jre\bin\verify.dll
0x00007ffaa2ed0000 - 0x00007ffaa2ef9000 	E:\AndroidStudio\install\jre\jre\bin\java.dll
0x00007ffa9f190000 - 0x00007ffa9f1a6000 	E:\AndroidStudio\install\jre\jre\bin\zip.dll
0x00007ffaad610000 - 0x00007ffaadcf3000 	C:\WINDOWS\System32\SHELL32.dll
0x00007ffaaea80000 - 0x00007ffaaeb29000 	C:\WINDOWS\System32\shcore.dll
0x00007ffaac5d0000 - 0x00007ffaacd4a000 	C:\WINDOWS\System32\windows.storage.dll
0x00007ffaabf30000 - 0x00007ffaabf4f000 	C:\WINDOWS\System32\profapi.dll
0x00007ffaabee0000 - 0x00007ffaabf2a000 	C:\WINDOWS\System32\powrprof.dll
0x00007ffaabe90000 - 0x00007ffaabea0000 	C:\WINDOWS\System32\UMPDC.dll
0x00007ffaae250000 - 0x00007ffaae2a2000 	C:\WINDOWS\System32\shlwapi.dll
0x00007ffaabec0000 - 0x00007ffaabed1000 	C:\WINDOWS\System32\kernel.appcore.dll
0x00007ffaad020000 - 0x00007ffaad037000 	C:\WINDOWS\System32\cryptsp.dll
0x00007ffa9f120000 - 0x00007ffa9f13a000 	E:\AndroidStudio\install\jre\jre\bin\net.dll
0x00007ffaab700000 - 0x00007ffaab767000 	C:\WINDOWS\system32\mswsock.dll
0x00007ffa9efb0000 - 0x00007ffa9efc1000 	E:\AndroidStudio\install\jre\jre\bin\nio.dll
0x00007ffaa6530000 - 0x00007ffaa654e000 	C:\Users\shand\.gradle\native\25\windows-amd64\native-platform.dll
0x00007ffaa5280000 - 0x00007ffaa528d000 	E:\AndroidStudio\install\jre\jre\bin\management.dll
0x00007ffaab2c0000 - 0x00007ffaab2f3000 	C:\WINDOWS\system32\rsaenh.dll
0x00007ffaac200000 - 0x00007ffaac226000 	C:\WINDOWS\System32\bcrypt.dll
0x00007ffaabdb0000 - 0x00007ffaabdd5000 	C:\WINDOWS\SYSTEM32\USERENV.dll
0x00007ffaab8d0000 - 0x00007ffaab8dc000 	C:\WINDOWS\SYSTEM32\CRYPTBASE.dll
0x00007ffaab460000 - 0x00007ffaab49a000 	C:\WINDOWS\SYSTEM32\IPHLPAPI.DLL
0x00007ffaae670000 - 0x00007ffaae678000 	C:\WINDOWS\System32\NSI.dll
0x00007ffaa3bc0000 - 0x00007ffaa3bd6000 	C:\WINDOWS\SYSTEM32\dhcpcsvc6.DLL
0x00007ffaa3ba0000 - 0x00007ffaa3bbc000 	C:\WINDOWS\SYSTEM32\dhcpcsvc.DLL
0x00007ffaab4b0000 - 0x00007ffaab57a000 	C:\WINDOWS\SYSTEM32\DNSAPI.dll
0x00007ffaaaf40000 - 0x00007ffaaaf71000 	C:\WINDOWS\SYSTEM32\ntmarta.dll

VM Arguments:
jvm_args: -Xmx1536m -Dfile.encoding=GBK -Duser.country=US -Duser.language=en -Duser.variant 
java_command: org.gradle.launcher.daemon.bootstrap.GradleDaemon 4.6
java_class_path (initial): C:\Users\shand\.gradle\wrapper\dists\gradle-4.6-all\bcst21l2brirad8k2ben1letg\gradle-4.6\lib\gradle-launcher-4.6.jar
Launcher Type: SUN_STANDARD

Environment Variables:
JAVA_HOME=E:\java\java_install\jdk1.8.0_201
CLASSPATH=.;E:\java\java_install\jdk1.8.0_201\lib\dt.jar;E:\java\java_install\jdk1.8.0_201\lib\tools.jar;
PATH=C:\Program Files (x86)\Common Files\Oracle\Java\javapath;E:\python2\install\;E:\python2\install\Scripts;C:\WINDOWS\system32;C:\WINDOWS;C:\WINDOWS\System32\Wbem;C:\WINDOWS\System32\WindowsPowerShell\v1.0\;C:\WINDOWS\System32\OpenSSH\;E:\Putty\install\;C:\Program Files (x86)\NVIDIA Corporation\PhysX\Common;C:\WINDOWS\system32;C:\WINDOWS;C:\WINDOWS\System32\Wbem;C:\WINDOWS\System32\WindowsPowerShell\v1.0\;C:\WINDOWS\System32\OpenSSH\;C:\Program Files (x86)\GtkSharp\2.12\bin;E:\Git\install\Git\cmd;E:\python3\install\Scripts\;E:\python3\install;C:\Users\shand\AppData\Local\Microsoft\WindowsApps;E:\python2\install\Scripts\;E:\python2\install\;E:\java\java_install\jdk1.8.0_201\bin;E:\java\java_install\jdk1.8.0_201\jre\bin;C:\Users\shand\AppData\Local\GitHubDesktop\bin
USERNAME=shand
OS=Windows_NT
PROCESSOR_IDENTIFIER=Intel64 Family 6 Model 142 Stepping 9, GenuineIntel



---------------  S Y S T E M  ---------------

OS: Windows 10.0 , 64 bit Build 18334 (10.0.18334.1)

CPU:total 4 (initial active 4) (2 cores per cpu, 2 threads per core) family 6 model 142 stepping 9, cmov, cx8, fxsr, mmx, sse, sse2, sse3, ssse3, sse4.1, sse4.2, popcnt, avx, avx2, aes, clmul, erms, 3dnowpref, lzcnt, ht, tsc, tscinvbit, bmi1, bmi2, adx

Memory: 4k page, physical 8289196k(1323912k free), swap 9337772k(5120k free)

vm_info: OpenJDK 64-Bit Server VM (25.152-b06) for windows-amd64 JRE (1.8.0_152-release-1136-b06), built by "builder" with MS VC++ 10.0 (VS2010)

time: Wed Apr 10 08:09:58 2019
elapsed time: 509 seconds (0d 0h 8m 29s)

