#
# There is insufficient memory for the Java Runtime Environment to continue.
# Native memory allocation (malloc) failed to allocate 410096 bytes for Chunk::new
# Possible reasons:
#   The system is out of physical RAM or swap space
#   In 32 bit mode, the process size limit was hit
# Possible solutions:
#   Reduce memory load on the system
#   Increase physical memory or swap space
#   Check if swap backing store is full
#   Use 64 bit Java on a 64 bit OS
#   Decrease Java heap size (-Xmx/-Xms)
#   Decrease number of Java threads
#   Decrease Java thread stack sizes (-Xss)
#   Set larger code cache with -XX:ReservedCodeCacheSize=
# This output file may be truncated or incomplete.
#
#  Out of Memory Error (allocation.cpp:390), pid=8684, tid=0x0000000000003770
#
# JRE version: OpenJDK Runtime Environment (8.0_152-b06) (build 1.8.0_152-release-1136-b06)
# Java VM: OpenJDK 64-Bit Server VM (25.152-b06 mixed mode windows-amd64 compressed oops)
# Failed to write core dump. Minidumps are not enabled by default on client versions of Windows
#

---------------  T H R E A D  ---------------

Current thread (0x000000001642d800):  JavaThread "C2 CompilerThread0" daemon [_thread_in_native, id=14192, stack(0x0000000017e70000,0x0000000017f70000)]

Stack: [0x0000000017e70000,0x0000000017f70000]
[error occurred during error reporting (printing stack bounds), id 0xc0000005]

Native frames: (J=compiled Java code, j=interpreted, Vv=VM code, C=native code)


Current CompileTask:
C2:1272754 14849       4       org.gradle.api.internal.tasks.compile.incremental.asm.ClassDependenciesVisitor::visitField (64 bytes)


---------------  P R O C E S S  ---------------

Java Threads: ( => current thread )
  0x000000002101b000 JavaThread "Cache worker for Java compile cache (E:\AndroidStudio\homework\second\237zhj\.gradle\4.6\javaCompile)" [_thread_blocked, id=4148, stack(0x00000000249b0000,0x0000000024ab0000)]
  0x0000000021021800 JavaThread "stdout" daemon [_thread_in_native, id=3996, stack(0x00000000256f0000,0x00000000257f0000)]
  0x000000002101e800 JavaThread "stderr" daemon [_thread_in_native, id=1916, stack(0x00000000253d0000,0x00000000254d0000)]
  0x0000000021024800 JavaThread "stdout" daemon [_thread_in_native, id=9972, stack(0x00000000255f0000,0x00000000256f0000)]
  0x000000002101e000 JavaThread "stderr" daemon [_thread_in_native, id=12620, stack(0x00000000254f0000,0x00000000255f0000)]
  0x0000000021024000 JavaThread "stdout" daemon [_thread_in_native, id=17364, stack(0x00000000252d0000,0x00000000253d0000)]
  0x000000002101f800 JavaThread "stderr" daemon [_thread_in_native, id=7152, stack(0x00000000251d0000,0x00000000252d0000)]
  0x0000000021021000 JavaThread "pool-9-thread-1" [_thread_blocked, id=10784, stack(0x00000000250d0000,0x00000000251d0000)]
  0x000000002101c800 JavaThread "ForkJoinPool.commonPool-worker-3" daemon [_thread_blocked, id=14752, stack(0x00000000248b0000,0x00000000249b0000)]
  0x000000002101a000 JavaThread "Task worker for ':' Thread 3" [_thread_blocked, id=14676, stack(0x00000000245b0000,0x00000000246b0000)]
  0x0000000021017000 JavaThread "Task worker for ':' Thread 2" [_thread_blocked, id=15448, stack(0x00000000244b0000,0x00000000245b0000)]
  0x000000001ba7d000 JavaThread "Task worker for ':'" [_thread_blocked, id=2252, stack(0x00000000233b0000,0x00000000234b0000)]
  0x000000001ba7f800 JavaThread "Cache worker for Build Output Cleanup Cache (E:\AndroidStudio\homework\second\237zhj\.gradle\buildOutputCleanup)" [_thread_blocked, id=1924, stack(0x00000000232b0000,0x00000000233b0000)]
  0x000000001ba7b800 JavaThread "Cache worker for task history cache (E:\AndroidStudio\homework\second\237zhj\.gradle\4.6\taskHistory)" [_thread_blocked, id=14004, stack(0x00000000231b0000,0x00000000232b0000)]
  0x000000001ba81800 JavaThread "Cache worker for file content cache (E:\AndroidStudio\homework\second\237zhj\.gradle\4.6\fileContent)" [_thread_blocked, id=6452, stack(0x00000000201f0000,0x00000000202f0000)]
  0x000000001ba80000 JavaThread "Build operations Thread 4" [_thread_blocked, id=504, stack(0x000000001fc90000,0x000000001fd90000)]
  0x000000001ba82800 JavaThread "Build operations Thread 3" [_thread_blocked, id=12076, stack(0x000000001e5b0000,0x000000001e6b0000)]
  0x000000001ba81000 JavaThread "Build operations Thread 2" [_thread_blocked, id=16328, stack(0x000000001e010000,0x000000001e110000)]
  0x000000001ba7e000 JavaThread "Build operations" [_thread_blocked, id=2612, stack(0x000000001bd50000,0x000000001be50000)]
  0x000000001ba7c800 JavaThread "Cache worker for Artifact transforms cache (C:\Users\shand\.gradle\caches\transforms-1)" [_thread_blocked, id=6376, stack(0x000000001bc50000,0x000000001bd50000)]
  0x000000001ba7e800 JavaThread "Cache worker for file hash cache (E:\AndroidStudio\homework\second\237zhj\.gradle\4.6\fileHashes)" [_thread_blocked, id=1696, stack(0x000000001a580000,0x000000001a680000)]
  0x000000001ba74800 JavaThread "Stdin handler" [_thread_blocked, id=16588, stack(0x000000001a480000,0x000000001a580000)]
  0x000000001ba7a800 JavaThread "Asynchronous log dispatcher for DefaultDaemonConnection: socket connection from /127.0.0.1:53842 to /127.0.0.1:54195" [_thread_blocked, id=12948, stack(0x000000001a180000,0x000000001a280000)]
  0x000000001ba77000 JavaThread "Daemon worker Thread 2" [_thread_in_native, id=7564, stack(0x000000001a080000,0x000000001a180000)]
  0x000000001ba73000 JavaThread "Cancel handler" [_thread_blocked, id=16872, stack(0x0000000000b40000,0x0000000000c40000)]
  0x000000001ba76000 JavaThread "Handler for socket connection from /127.0.0.1:53842 to /127.0.0.1:54195" [_thread_in_native, id=16572, stack(0x0000000000a40000,0x0000000000b40000)]
  0x000000001ba7a000 JavaThread "Daemon Thread 2" [_thread_blocked, id=10440, stack(0x0000000000940000,0x0000000000a40000)]
  0x0000000021018000 JavaThread "MarlinRenderer Disposer" daemon [_thread_blocked, id=10988, stack(0x0000000024fd0000,0x00000000250d0000)]
  0x000000001b2c3000 JavaThread "Java2D Disposer" daemon [_thread_blocked, id=1120, stack(0x0000000024cb0000,0x0000000024db0000)]
  0x000000001ba79000 JavaThread "pool-1-thread-1" [_thread_blocked, id=16508, stack(0x0000000022eb0000,0x0000000022fb0000)]
  0x000000001ba75800 JavaThread "Memory manager" [_thread_blocked, id=3204, stack(0x00000000208f0000,0x00000000209f0000)]
  0x0000000019877000 JavaThread "File lock request listener" [_thread_in_native, id=9516, stack(0x000000001ab80000,0x000000001ac80000)]
  0x00000000198a8000 JavaThread "Cache worker for file hash cache (C:\Users\shand\.gradle\caches\4.6\fileHashes)" [_thread_blocked, id=14624, stack(0x000000001aa80000,0x000000001ab80000)]
  0x000000001915e800 JavaThread "Daemon periodic checks" [_thread_blocked, id=13456, stack(0x0000000019f80000,0x000000001a080000)]
  0x0000000019147000 JavaThread "Incoming local TCP Connector on port 53842" [_thread_in_native, id=14564, stack(0x0000000019d40000,0x0000000019e40000)]
  0x00000000178fb000 JavaThread "Service Thread" daemon [_thread_blocked, id=16448, stack(0x0000000018170000,0x0000000018270000)]
  0x0000000017885800 JavaThread "C1 CompilerThread2" daemon [_thread_blocked, id=1596, stack(0x0000000018070000,0x0000000018170000)]
  0x000000001647c000 JavaThread "C2 CompilerThread1" daemon [_thread_in_native, id=16196, stack(0x0000000017f70000,0x0000000018070000)]
=>0x000000001642d800 JavaThread "C2 CompilerThread0" daemon [_thread_in_native, id=14192, stack(0x0000000017e70000,0x0000000017f70000)]
  0x000000001642c000 JavaThread "Attach Listener" daemon [_thread_blocked, id=14404, stack(0x0000000017d70000,0x0000000017e70000)]
  0x0000000017878800 JavaThread "Signal Dispatcher" daemon [_thread_blocked, id=11852, stack(0x0000000017c70000,0x0000000017d70000)]
  0x0000000016408800 JavaThread "Finalizer" daemon [_thread_blocked, id=10412, stack(0x0000000017670000,0x0000000017770000)]
  0x00000000163e7000 JavaThread "Reference Handler" daemon [_thread_blocked, id=10748, stack(0x0000000017570000,0x0000000017670000)]
  0x00000000029ae000 JavaThread "main" [_thread_blocked, id=10800, stack(0x0000000002870000,0x0000000002970000)]

Other Threads:
  0x00000000163e5800 VMThread [stack: 0x0000000017470000,0x0000000017570000] [id=10824]
  0x0000000017904000 WatcherThread [stack: 0x0000000018270000,0x0000000018370000] [id=15060]

VM state:not at safepoint (normal execution)

VM Mutex/Monitor currently owned by a thread: None

Heap:
 PSYoungGen      total 169984K, used 118529K [0x00000000e0000000, 0x00000000ec100000, 0x0000000100000000)
  eden space 150528K, 65% used [0x00000000e0000000,0x00000000e60c0fd0,0x00000000e9300000)
  from space 19456K, 99% used [0x00000000e9700000,0x00000000ea9ff730,0x00000000eaa00000)
  to   space 23552K, 0% used [0x00000000eaa00000,0x00000000eaa00000,0x00000000ec100000)
 ParOldGen       total 145920K, used 59897K [0x00000000a0000000, 0x00000000a8e80000, 0x00000000e0000000)
  object space 145920K, 41% used [0x00000000a0000000,0x00000000a3a7e7a0,0x00000000a8e80000)
 Metaspace       used 79187K, capacity 81946K, committed 82264K, reserved 1120256K
  class space    used 10073K, capacity 10764K, committed 10880K, reserved 1048576K

Card table byte_map: [0x0000000011e70000,0x0000000012180000] byte_map_base: 0x0000000011970000

Marking Bits: (ParMarkBitMap*) 0x00000000606e5aa0
 Begin Bits: [0x0000000012780000, 0x0000000013f80000)
 End Bits:   [0x0000000013f80000, 0x0000000015780000)

Polling page: 0x0000000000830000

CodeCache: size=245760Kb used=43615Kb max_used=43618Kb free=202144Kb
 bounds [0x0000000002ab0000, 0x0000000005580000, 0x0000000011ab0000]
 total_blobs=13482 nmethods=12533 adapters=860
 compilation: enabled

Compilation events (10 events):
Event: 1272.646 Thread 0x000000001642d800 nmethod 14845 0x000000000557b150 code [0x000000000557b3a0, 0x000000000557c5d0]
Event: 1272.646 Thread 0x000000001642d800 14846       4       org.apache.tools.zip.ZipLong::getValue (57 bytes)
Event: 1272.648 Thread 0x000000001642d800 nmethod 14846 0x0000000005567390 code [0x00000000055674c0, 0x00000000055675b8]
Event: 1272.648 Thread 0x000000001642d800 14847       4       java.util.Calendar::set (72 bytes)
Event: 1272.650 Thread 0x000000001642d800 nmethod 14847 0x0000000005566ed0 code [0x0000000005567020, 0x0000000005567198]
Event: 1272.650 Thread 0x000000001642d800 14849       4       org.gradle.api.internal.tasks.compile.incremental.asm.ClassDependenciesVisitor::visitField (64 bytes)
Event: 1272.686 Thread 0x0000000017885800 14850       3       org.gradle.api.internal.tasks.compile.incremental.asm.ClassDependenciesVisitor::visitAnnotation (27 bytes)
Event: 1272.687 Thread 0x0000000017885800 nmethod 14850 0x0000000005547d90 code [0x0000000005547f20, 0x0000000005548338]
Event: 1272.694 Thread 0x0000000017885800 14851       3       org.apache.tools.zip.ZipFile::getInputStream (135 bytes)
Event: 1272.695 Thread 0x0000000017885800 nmethod 14851 0x0000000005579550 code [0x00000000055797c0, 0x000000000557a878]

GC Heap History (10 events):
Event: 29.537 GC heap before
{Heap before GC invocations=18 (full 3):
 PSYoungGen      total 161792K, used 161774K [0x00000000e0000000, 0x00000000eb700000, 0x0000000100000000)
  eden space 143360K, 100% used [0x00000000e0000000,0x00000000e8c00000,0x00000000e8c00000)
  from space 18432K, 99% used [0x00000000ea200000,0x00000000eb3fbac0,0x00000000eb400000)
  to   space 22016K, 0% used [0x00000000e8c00000,0x00000000e8c00000,0x00000000ea180000)
 ParOldGen       total 145920K, used 37481K [0x00000000a0000000, 0x00000000a8e80000, 0x00000000e0000000)
  object space 145920K, 25% used [0x00000000a0000000,0x00000000a249a520,0x00000000a8e80000)
 Metaspace       used 66870K, capacity 69214K, committed 69336K, reserved 1110016K
  class space    used 8810K, capacity 9399K, committed 9472K, reserved 1048576K
Event: 29.578 GC heap after
Heap after GC invocations=18 (full 3):
 PSYoungGen      total 165376K, used 12228K [0x00000000e0000000, 0x00000000ece80000, 0x0000000100000000)
  eden space 143360K, 0% used [0x00000000e0000000,0x00000000e0000000,0x00000000e8c00000)
  from space 22016K, 55% used [0x00000000e8c00000,0x00000000e97f13e8,0x00000000ea180000)
  to   space 21504K, 0% used [0x00000000eb980000,0x00000000eb980000,0x00000000ece80000)
 ParOldGen       total 145920K, used 55879K [0x00000000a0000000, 0x00000000a8e80000, 0x00000000e0000000)
  object space 145920K, 38% used [0x00000000a0000000,0x00000000a3691f00,0x00000000a8e80000)
 Metaspace       used 66870K, capacity 69214K, committed 69336K, reserved 1110016K
  class space    used 8810K, capacity 9399K, committed 9472K, reserved 1048576K
}
Event: 55.853 GC heap before
{Heap before GC invocations=19 (full 3):
 PSYoungGen      total 165376K, used 155588K [0x00000000e0000000, 0x00000000ece80000, 0x0000000100000000)
  eden space 143360K, 100% used [0x00000000e0000000,0x00000000e8c00000,0x00000000e8c00000)
  from space 22016K, 55% used [0x00000000e8c00000,0x00000000e97f13e8,0x00000000ea180000)
  to   space 21504K, 0% used [0x00000000eb980000,0x00000000eb980000,0x00000000ece80000)
 ParOldGen       total 145920K, used 55879K [0x00000000a0000000, 0x00000000a8e80000, 0x00000000e0000000)
  object space 145920K, 38% used [0x00000000a0000000,0x00000000a3691f00,0x00000000a8e80000)
 Metaspace       used 71575K, capacity 74034K, committed 74200K, reserved 1114112K
  class space    used 9270K, capacity 9908K, committed 9984K, reserved 1048576K
Event: 55.872 GC heap after
Heap after GC invocations=19 (full 3):
 PSYoungGen      total 178688K, used 10454K [0x00000000e0000000, 0x00000000ec800000, 0x0000000100000000)
  eden space 163840K, 0% used [0x00000000e0000000,0x00000000e0000000,0x00000000ea000000)
  from space 14848K, 70% used [0x00000000eb980000,0x00000000ec3b5af0,0x00000000ec800000)
  to   space 20480K, 0% used [0x00000000ea000000,0x00000000ea000000,0x00000000eb400000)
 ParOldGen       total 145920K, used 55887K [0x00000000a0000000, 0x00000000a8e80000, 0x00000000e0000000)
  object space 145920K, 38% used [0x00000000a0000000,0x00000000a3693f00,0x00000000a8e80000)
 Metaspace       used 71575K, capacity 74034K, committed 74200K, reserved 1114112K
  class space    used 9270K, capacity 9908K, committed 9984K, reserved 1048576K
}
Event: 1260.276 GC heap before
{Heap before GC invocations=20 (full 3):
 PSYoungGen      total 178688K, used 174294K [0x00000000e0000000, 0x00000000ec800000, 0x0000000100000000)
  eden space 163840K, 100% used [0x00000000e0000000,0x00000000ea000000,0x00000000ea000000)
  from space 14848K, 70% used [0x00000000eb980000,0x00000000ec3b5af0,0x00000000ec800000)
  to   space 20480K, 0% used [0x00000000ea000000,0x00000000ea000000,0x00000000eb400000)
 ParOldGen       total 145920K, used 55887K [0x00000000a0000000, 0x00000000a8e80000, 0x00000000e0000000)
  object space 145920K, 38% used [0x00000000a0000000,0x00000000a3693f00,0x00000000a8e80000)
 Metaspace       used 72980K, capacity 75636K, committed 75864K, reserved 1116160K
  class space    used 9381K, capacity 10037K, committed 10112K, reserved 1048576K
Event: 1260.291 GC heap after
Heap after GC invocations=20 (full 3):
 PSYoungGen      total 166912K, used 7254K [0x00000000e0000000, 0x00000000ec380000, 0x0000000100000000)
  eden space 159232K, 0% used [0x00000000e0000000,0x00000000e0000000,0x00000000e9b80000)
  from space 7680K, 94% used [0x00000000ea000000,0x00000000ea715a48,0x00000000ea780000)
  to   space 20480K, 0% used [0x00000000eaf80000,0x00000000eaf80000,0x00000000ec380000)
 ParOldGen       total 145920K, used 55895K [0x00000000a0000000, 0x00000000a8e80000, 0x00000000e0000000)
  object space 145920K, 38% used [0x00000000a0000000,0x00000000a3695f00,0x00000000a8e80000)
 Metaspace       used 72980K, capacity 75636K, committed 75864K, reserved 1116160K
  class space    used 9381K, capacity 10037K, committed 10112K, reserved 1048576K
}
Event: 1265.173 GC heap before
{Heap before GC invocations=21 (full 3):
 PSYoungGen      total 166912K, used 166486K [0x00000000e0000000, 0x00000000ec380000, 0x0000000100000000)
  eden space 159232K, 100% used [0x00000000e0000000,0x00000000e9b80000,0x00000000e9b80000)
  from space 7680K, 94% used [0x00000000ea000000,0x00000000ea715a48,0x00000000ea780000)
  to   space 20480K, 0% used [0x00000000eaf80000,0x00000000eaf80000,0x00000000ec380000)
 ParOldGen       total 145920K, used 55895K [0x00000000a0000000, 0x00000000a8e80000, 0x00000000e0000000)
  object space 145920K, 38% used [0x00000000a0000000,0x00000000a3695f00,0x00000000a8e80000)
 Metaspace       used 73432K, capacity 76230K, committed 76504K, reserved 1116160K
  class space    used 9432K, capacity 10116K, committed 10240K, reserved 1048576K
Event: 1265.202 GC heap after
Heap after GC invocations=21 (full 3):
 PSYoungGen      total 168448K, used 9924K [0x00000000e0000000, 0x00000000ebd00000, 0x0000000100000000)
  eden space 154624K, 0% used [0x00000000e0000000,0x00000000e0000000,0x00000000e9700000)
  from space 13824K, 71% used [0x00000000eaf80000,0x00000000eb9310e0,0x00000000ebd00000)
  to   space 19456K, 0% used [0x00000000e9700000,0x00000000e9700000,0x00000000eaa00000)
 ParOldGen       total 145920K, used 55903K [0x00000000a0000000, 0x00000000a8e80000, 0x00000000e0000000)
  object space 145920K, 38% used [0x00000000a0000000,0x00000000a3697f00,0x00000000a8e80000)
 Metaspace       used 73432K, capacity 76230K, committed 76504K, reserved 1116160K
  class space    used 9432K, capacity 10116K, committed 10240K, reserved 1048576K
}
Event: 1269.256 GC heap before
{Heap before GC invocations=22 (full 3):
 PSYoungGen      total 168448K, used 164548K [0x00000000e0000000, 0x00000000ebd00000, 0x0000000100000000)
  eden space 154624K, 100% used [0x00000000e0000000,0x00000000e9700000,0x00000000e9700000)
  from space 13824K, 71% used [0x00000000eaf80000,0x00000000eb9310e0,0x00000000ebd00000)
  to   space 19456K, 0% used [0x00000000e9700000,0x00000000e9700000,0x00000000eaa00000)
 ParOldGen       total 145920K, used 55903K [0x00000000a0000000, 0x00000000a8e80000, 0x00000000e0000000)
  object space 145920K, 38% used [0x00000000a0000000,0x00000000a3697f00,0x00000000a8e80000)
 Metaspace       used 78181K, capacity 80986K, committed 81112K, reserved 1120256K
  class space    used 10013K, capacity 10700K, committed 10752K, reserved 1048576K
Event: 1269.279 GC heap after
Heap after GC invocations=22 (full 3):
 PSYoungGen      total 169984K, used 19453K [0x00000000e0000000, 0x00000000ec100000, 0x0000000100000000)
  eden space 150528K, 0% used [0x00000000e0000000,0x00000000e0000000,0x00000000e9300000)
  from space 19456K, 99% used [0x00000000e9700000,0x00000000ea9ff730,0x00000000eaa00000)
  to   space 23552K, 0% used [0x00000000eaa00000,0x00000000eaa00000,0x00000000ec100000)
 ParOldGen       total 145920K, used 59897K [0x00000000a0000000, 0x00000000a8e80000, 0x00000000e0000000)
  object space 145920K, 41% used [0x00000000a0000000,0x00000000a3a7e7a0,0x00000000a8e80000)
 Metaspace       used 78181K, capacity 80986K, committed 81112K, reserved 1120256K
  class space    used 10013K, capacity 10700K, committed 10752K, reserved 1048576K
}

Deoptimization events (10 events):
Event: 1271.415 Thread 0x000000001ba77000 Uncommon trap: reason=class_check action=maybe_recompile pc=0x0000000005496068 method=org.objectweb.asm.ClassReader.readCode(Lorg/objectweb/asm/MethodVisitor;Lorg/objectweb/asm/Context;I)V @ 2356
Event: 1271.453 Thread 0x000000001ba77000 Uncommon trap: reason=class_check action=maybe_recompile pc=0x0000000005496068 method=org.objectweb.asm.ClassReader.readCode(Lorg/objectweb/asm/MethodVisitor;Lorg/objectweb/asm/Context;I)V @ 2356
Event: 1271.480 Thread 0x000000001ba77000 Uncommon trap: reason=bimorphic action=maybe_recompile pc=0x0000000002d02720 method=com.google.common.collect.AbstractMapBasedMultimap.iteratorOrListIterator(Ljava/util/Collection;)Ljava/util/Iterator; @ 20
Event: 1271.480 Thread 0x000000001ba77000 Uncommon trap: reason=bimorphic action=maybe_recompile pc=0x0000000002d02720 method=com.google.common.collect.AbstractMapBasedMultimap.iteratorOrListIterator(Ljava/util/Collection;)Ljava/util/Iterator; @ 20
Event: 1271.494 Thread 0x000000001ba77000 Uncommon trap: reason=class_check action=maybe_recompile pc=0x0000000005494518 method=org.objectweb.asm.ClassReader.readCode(Lorg/objectweb/asm/MethodVisitor;Lorg/objectweb/asm/Context;I)V @ 2249
Event: 1271.505 Thread 0x000000001ba77000 Uncommon trap: reason=class_check action=maybe_recompile pc=0x0000000005496068 method=org.objectweb.asm.ClassReader.readCode(Lorg/objectweb/asm/MethodVisitor;Lorg/objectweb/asm/Context;I)V @ 2356
Event: 1272.518 Thread 0x000000001ba77000 Uncommon trap: reason=class_check action=maybe_recompile pc=0x00000000054d9b38 method=org.objectweb.asm.ClassReader.readMethod(Lorg/objectweb/asm/ClassVisitor;Lorg/objectweb/asm/Context;I)I @ 749
Event: 1272.518 Thread 0x000000001ba77000 Uncommon trap: reason=class_check action=maybe_recompile pc=0x00000000054d9b38 method=org.objectweb.asm.ClassReader.readMethod(Lorg/objectweb/asm/ClassVisitor;Lorg/objectweb/asm/Context;I)I @ 749
Event: 1272.518 Thread 0x000000001ba77000 Uncommon trap: reason=class_check action=maybe_recompile pc=0x00000000054d9b38 method=org.objectweb.asm.ClassReader.readMethod(Lorg/objectweb/asm/ClassVisitor;Lorg/objectweb/asm/Context;I)I @ 749
Event: 1272.518 Thread 0x000000001ba77000 Uncommon trap: reason=class_check action=maybe_recompile pc=0x00000000054d9b38 method=org.objectweb.asm.ClassReader.readMethod(Lorg/objectweb/asm/ClassVisitor;Lorg/objectweb/asm/Context;I)I @ 749

Classes redefined (0 events):
No events

Internal exceptions (10 events):
Event: 1259.990 Thread 0x000000001ba77000 Exception <a 'java/lang/NoSuchMethodError': <clinit>> (0x00000000e9312080) thrown at [D:\src\AOSP-openjdk-cygwin\jdk8u\hotspot\src\share\vm\prims\jni.cpp, line 1613]
Event: 1259.991 Thread 0x000000001ba77000 Exception <a 'java/lang/NoSuchMethodError': <clinit>> (0x00000000e931f300) thrown at [D:\src\AOSP-openjdk-cygwin\jdk8u\hotspot\src\share\vm\prims\jni.cpp, line 1613]
Event: 1260.001 Thread 0x000000001ba77000 Exception <a 'java/lang/NoSuchMethodError': <clinit>> (0x00000000e9404190) thrown at [D:\src\AOSP-openjdk-cygwin\jdk8u\hotspot\src\share\vm\prims\jni.cpp, line 1613]
Event: 1260.002 Thread 0x000000001ba77000 Exception <a 'java/lang/NoSuchMethodError': <clinit>> (0x00000000e9407f30) thrown at [D:\src\AOSP-openjdk-cygwin\jdk8u\hotspot\src\share\vm\prims\jni.cpp, line 1613]
Event: 1260.002 Thread 0x000000001ba77000 Exception <a 'java/lang/NoSuchMethodError': <clinit>> (0x00000000e9409a38) thrown at [D:\src\AOSP-openjdk-cygwin\jdk8u\hotspot\src\share\vm\prims\jni.cpp, line 1613]
Event: 1260.002 Thread 0x000000001ba77000 Exception <a 'java/lang/NoSuchMethodError': <clinit>> (0x00000000e940b208) thrown at [D:\src\AOSP-openjdk-cygwin\jdk8u\hotspot\src\share\vm\prims\jni.cpp, line 1613]
Event: 1260.202 Thread 0x000000001ba77000 Exception <a 'sun/nio/fs/WindowsException'> (0x00000000e9b5e160) thrown at [D:\src\AOSP-openjdk-cygwin\jdk8u\hotspot\src\share\vm\prims\jni.cpp, line 709]
Event: 1261.753 Thread 0x000000001ba7d000 Implicit null exception at 0x0000000004e771ab to 0x0000000004e77b99
Event: 1264.547 Thread 0x000000001ba77000 Exception <a 'sun/nio/fs/WindowsException'> (0x00000000e53fe540) thrown at [D:\src\AOSP-openjdk-cygwin\jdk8u\hotspot\src\share\vm\prims\jni.cpp, line 709]
Event: 1269.298 Thread 0x000000001ba77000 Implicit null exception at 0x0000000005148f2a to 0x00000000051495ad

Events (10 events):
Event: 1272.518 Thread 0x000000001ba77000 DEOPT UNPACKING pc=0x0000000002af557b sp=0x000000001a179d90 mode 2
Event: 1272.518 Thread 0x000000001ba77000 Uncommon trap: trap_request=0xffffffde fr.pc=0x00000000054d9b38
Event: 1272.518 Thread 0x000000001ba77000 DEOPT PACKING pc=0x00000000054d9b38 sp=0x000000001a179dc0
Event: 1272.518 Thread 0x000000001ba77000 DEOPT UNPACKING pc=0x0000000002af557b sp=0x000000001a179d90 mode 2
Event: 1272.518 Thread 0x000000001ba77000 Uncommon trap: trap_request=0xffffffde fr.pc=0x00000000054d9b38
Event: 1272.518 Thread 0x000000001ba77000 DEOPT PACKING pc=0x00000000054d9b38 sp=0x000000001a179dc0
Event: 1272.518 Thread 0x000000001ba77000 DEOPT UNPACKING pc=0x0000000002af557b sp=0x000000001a179d90 mode 2
Event: 1272.518 Thread 0x000000001ba77000 Uncommon trap: trap_request=0xffffffde fr.pc=0x00000000054d9b38
Event: 1272.518 Thread 0x000000001ba77000 DEOPT PACKING pc=0x00000000054d9b38 sp=0x000000001a179dc0
Event: 1272.518 Thread 0x000000001ba77000 DEOPT UNPACKING pc=0x0000000002af557b sp=0x000000001a179d90 mode 2


Dynamic libraries:
0x00007ff7044d0000 - 0x00007ff704501000 	E:\AndroidStudio\install\jre\bin\java.exe
0x00007fff93160000 - 0x00007fff9334e000 	C:\WINDOWS\SYSTEM32\ntdll.dll
0x00007fff91cf0000 - 0x00007fff91da2000 	C:\WINDOWS\System32\KERNEL32.DLL
0x00007fff90c30000 - 0x00007fff90ed5000 	C:\WINDOWS\System32\KERNELBASE.dll
0x00007fff8e240000 - 0x00007fff8e2cf000 	C:\WINDOWS\SYSTEM32\apphelp.dll
0x00007fff925b0000 - 0x00007fff92652000 	C:\WINDOWS\System32\ADVAPI32.dll
0x00007fff92870000 - 0x00007fff9290e000 	C:\WINDOWS\System32\msvcrt.dll
0x00007fff91c50000 - 0x00007fff91ce7000 	C:\WINDOWS\System32\sechost.dll
0x00007fff92aa0000 - 0x00007fff92bbf000 	C:\WINDOWS\System32\RPCRT4.dll
0x00007fff92f90000 - 0x00007fff93128000 	C:\WINDOWS\System32\USER32.dll
0x00007fff901e0000 - 0x00007fff90201000 	C:\WINDOWS\System32\win32u.dll
0x00007fff91e80000 - 0x00007fff91ea6000 	C:\WINDOWS\System32\GDI32.dll
0x00007fff90210000 - 0x00007fff903a4000 	C:\WINDOWS\System32\gdi32full.dll
0x00007fff90140000 - 0x00007fff901de000 	C:\WINDOWS\System32\msvcp_win.dll
0x00007fff90b30000 - 0x00007fff90c2a000 	C:\WINDOWS\System32\ucrtbase.dll
0x00007fff81a40000 - 0x00007fff81cc5000 	C:\WINDOWS\WinSxS\amd64_microsoft.windows.common-controls_6595b64144ccf1df_6.0.18334.1_none_d1d9e725244dc0cc\COMCTL32.dll
0x00007fff914a0000 - 0x00007fff917d8000 	C:\WINDOWS\System32\combase.dll
0x00007fff911b0000 - 0x00007fff9122f000 	C:\WINDOWS\System32\bcryptPrimitives.dll
0x00007fff92660000 - 0x00007fff9268e000 	C:\WINDOWS\System32\IMM32.DLL
0x000000005fe40000 - 0x000000005ff12000 	E:\AndroidStudio\install\jre\jre\bin\msvcr100.dll
0x000000005ff20000 - 0x0000000060761000 	E:\AndroidStudio\install\jre\jre\bin\server\jvm.dll
0x00007fff92a70000 - 0x00007fff92a78000 	C:\WINDOWS\System32\PSAPI.DLL
0x00007fff8b950000 - 0x00007fff8b974000 	C:\WINDOWS\SYSTEM32\WINMM.dll
0x00007fff87b20000 - 0x00007fff87b2a000 	C:\WINDOWS\SYSTEM32\VERSION.dll
0x00007fff8adc0000 - 0x00007fff8adc9000 	C:\WINDOWS\SYSTEM32\WSOCK32.dll
0x00007fff92f20000 - 0x00007fff92f8f000 	C:\WINDOWS\System32\WS2_32.dll
0x00007fff8b920000 - 0x00007fff8b94d000 	C:\WINDOWS\SYSTEM32\winmmbase.dll
0x00007fff90ee0000 - 0x00007fff90f2b000 	C:\WINDOWS\System32\cfgmgr32.dll
0x00007fff8ad00000 - 0x00007fff8ad0f000 	E:\AndroidStudio\install\jre\jre\bin\verify.dll
0x00007fff897d0000 - 0x00007fff897f9000 	E:\AndroidStudio\install\jre\jre\bin\java.dll
0x00007fff897b0000 - 0x00007fff897c6000 	E:\AndroidStudio\install\jre\jre\bin\zip.dll
0x00007fff91eb0000 - 0x00007fff92593000 	C:\WINDOWS\System32\SHELL32.dll
0x00007fff92e70000 - 0x00007fff92f19000 	C:\WINDOWS\System32\shcore.dll
0x00007fff903b0000 - 0x00007fff90b2a000 	C:\WINDOWS\System32\windows.storage.dll
0x00007fff900f0000 - 0x00007fff9010f000 	C:\WINDOWS\System32\profapi.dll
0x00007fff90060000 - 0x00007fff900aa000 	C:\WINDOWS\System32\powrprof.dll
0x00007fff90050000 - 0x00007fff90060000 	C:\WINDOWS\System32\UMPDC.dll
0x00007fff91e20000 - 0x00007fff91e72000 	C:\WINDOWS\System32\shlwapi.dll
0x00007fff900b0000 - 0x00007fff900c1000 	C:\WINDOWS\System32\kernel.appcore.dll
0x00007fff90f30000 - 0x00007fff90f47000 	C:\WINDOWS\System32\cryptsp.dll
0x00007fff89790000 - 0x00007fff897aa000 	E:\AndroidStudio\install\jre\jre\bin\net.dll
0x00007fff8f8c0000 - 0x00007fff8f927000 	C:\WINDOWS\system32\mswsock.dll
0x00007fff896e0000 - 0x00007fff896f1000 	E:\AndroidStudio\install\jre\jre\bin\nio.dll
0x00007fff89fe0000 - 0x00007fff89ffe000 	C:\Users\shand\.gradle\native\25\windows-amd64\native-platform.dll
0x00007fff8a070000 - 0x00007fff8a07d000 	E:\AndroidStudio\install\jre\jre\bin\management.dll
0x00007fff8f480000 - 0x00007fff8f4b3000 	C:\WINDOWS\system32\rsaenh.dll
0x00007fff90110000 - 0x00007fff90136000 	C:\WINDOWS\System32\bcrypt.dll
0x00007fff8ff70000 - 0x00007fff8ff95000 	C:\WINDOWS\SYSTEM32\USERENV.dll
0x00007fff8fa90000 - 0x00007fff8fa9c000 	C:\WINDOWS\SYSTEM32\CRYPTBASE.dll
0x00007fff8f620000 - 0x00007fff8f65a000 	C:\WINDOWS\SYSTEM32\IPHLPAPI.DLL
0x00007fff91db0000 - 0x00007fff91db8000 	C:\WINDOWS\System32\NSI.dll
0x00007fff87c90000 - 0x00007fff87ca6000 	C:\WINDOWS\SYSTEM32\dhcpcsvc6.DLL
0x00007fff87be0000 - 0x00007fff87bfc000 	C:\WINDOWS\SYSTEM32\dhcpcsvc.DLL
0x00007fff8f660000 - 0x00007fff8f72a000 	C:\WINDOWS\SYSTEM32\DNSAPI.dll
0x00007fff610c0000 - 0x00007fff61257000 	E:\AndroidStudio\install\jre\jre\bin\awt.dll
0x00007fff91290000 - 0x00007fff91355000 	C:\WINDOWS\System32\OLEAUT32.dll
0x00007fff8ce60000 - 0x00007fff8d417000 	C:\WINDOWS\SYSTEM32\d2d1.dll
0x00007fff8e840000 - 0x00007fff8e86d000 	C:\WINDOWS\system32\DWMAPI.DLL
0x00007fff8e380000 - 0x00007fff8e41a000 	C:\WINDOWS\system32\uxtheme.dll

VM Arguments:
jvm_args: -Xmx1536m -Dfile.encoding=GBK -Duser.country=US -Duser.language=en -Duser.variant 
java_command: org.gradle.launcher.daemon.bootstrap.GradleDaemon 4.6
java_class_path (initial): C:\Users\shand\.gradle\wrapper\dists\gradle-4.6-all\bcst21l2brirad8k2ben1letg\gradle-4.6\lib\gradle-launcher-4.6.jar
Launcher Type: SUN_STANDARD

Environment Variables:
JAVA_HOME=E:\java\java_install\jdk1.8.0_201
CLASSPATH=.;E:\java\java_install\jdk1.8.0_201\lib\dt.jar;E:\java\java_install\jdk1.8.0_201\lib\tools.jar;
PATH=C:\Program Files (x86)\Common Files\Oracle\Java\javapath;E:\python2\install\;E:\python2\install\Scripts;C:\WINDOWS\system32;C:\WINDOWS;C:\WINDOWS\System32\Wbem;C:\WINDOWS\System32\WindowsPowerShell\v1.0\;C:\WINDOWS\System32\OpenSSH\;E:\Putty\install\;C:\Program Files (x86)\NVIDIA Corporation\PhysX\Common;C:\WINDOWS\system32;C:\WINDOWS;C:\WINDOWS\System32\Wbem;C:\WINDOWS\System32\WindowsPowerShell\v1.0\;C:\WINDOWS\System32\OpenSSH\;C:\Program Files (x86)\GtkSharp\2.12\bin;E:\python3\install\Scripts\;E:\python3\install;C:\Users\shand\AppData\Local\Microsoft\WindowsApps;E:\python2\install\Scripts\;E:\python2\install\;E:\java\java_install\jdk1.8.0_201\bin;E:\java\java_install\jdk1.8.0_201\jre\bin;
USERNAME=shand
OS=Windows_NT
PROCESSOR_IDENTIFIER=Intel64 Family 6 Model 142 Stepping 9, GenuineIntel



---------------  S Y S T E M  ---------------

OS: Windows 10.0 , 64 bit Build 18334 (10.0.18334.1)

CPU:total 4 (initial active 4) (2 cores per cpu, 2 threads per core) family 6 model 142 stepping 9, cmov, cx8, fxsr, mmx, sse, sse2, sse3, ssse3, sse4.1, sse4.2, popcnt, avx, avx2, aes, clmul, erms, 3dnowpref, lzcnt, ht, tsc, tscinvbit, bmi1, bmi2, adx

Memory: 4k page, physical 8289196k(530652k free), swap 9337772k(520k free)

vm_info: OpenJDK 64-Bit Server VM (25.152-b06) for windows-amd64 JRE (1.8.0_152-release-1136-b06), built by "builder" with MS VC++ 10.0 (VS2010)

time: Sat Mar 23 17:05:41 2019
elapsed time: 1272 seconds (0d 0h 21m 12s)

